160720 06:51:44 mysqld_safe Starting mysqld daemon with databases from /var/lib/mysql
2016-07-20  6:51:44 140008720919592 [Note] Using unique option prefix 'key_buffer' is error-prone and can break in the future. Please use the full name 'key_buffer_size' instead.
2016-07-20  6:51:44 140008720919592 [Note] /usr/bin/mysqld (mysqld 10.1.12-MariaDB) starting as process 256 ...
2016-07-20  6:51:44 140008720919592 [Note] Using unique option prefix 'myisam-recover' is error-prone and can break in the future. Please use the full name 'myisam-recover-options' instead.
2016-07-20  6:51:44 140008720919592 [Note] InnoDB: Using mutexes to ref count buffer pool pages
2016-07-20  6:51:44 140008720919592 [Note] InnoDB: The InnoDB memory heap is disabled
2016-07-20  6:51:44 140008720919592 [Note] InnoDB: Mutexes and rw_locks use GCC atomic builtins
2016-07-20  6:51:44 140008720919592 [Note] InnoDB: Memory barrier is not used
2016-07-20  6:51:44 140008720919592 [Note] InnoDB: Compressed tables use zlib 1.2.8
2016-07-20  6:51:44 140008720919592 [Note] InnoDB: Using Linux native AIO
2016-07-20  6:51:44 140008720919592 [Note] InnoDB: Using SSE crc32 instructions
2016-07-20  6:51:44 140008720919592 [Note] InnoDB: Initializing buffer pool, size = 128.0M
2016-07-20  6:51:44 140008720919592 [Note] InnoDB: Completed initialization of buffer pool
2016-07-20  6:51:44 140008720919592 [Note] InnoDB: Highest supported file format is Barracuda.
2016-07-20  6:51:44 140008720919592 [Note] InnoDB: 128 rollback segment(s) are active.
2016-07-20  6:51:44 140008720919592 [Note] InnoDB: Waiting for purge to start
2016-07-20  6:51:45 140008720919592 [Note] InnoDB:  Percona XtraDB (http://www.percona.com) 5.6.28-76.1 started; log sequence number 1616819
2016-07-20  6:51:45 140008487914160 [Note] InnoDB: Dumping buffer pool(s) not yet started
2016-07-20  6:51:45 140008720919592 [Note] Plugin 'FEEDBACK' is disabled.
2016-07-20  6:51:45 140008720919592 [Note] Server socket created on IP: '0.0.0.0'.
2016-07-20  6:51:45 140008720919592 [Note] /usr/bin/mysqld: ready for connections.
Version: '10.1.12-MariaDB'  socket: '/var/run/mysqld/mysqld.sock'  port: 3306  MariaDB Server
2016-07-20  6:51:49 140008484514480 [Note] /usr/bin/mysqld: Normal shutdown

2016-07-20  6:51:49 140008484514480 [Note] Event Scheduler: Purging the queue. 0 events
2016-07-20  6:51:49 140008487733936 [Note] InnoDB: FTS optimize thread exiting.
2016-07-20  6:51:49 140008484514480 [Note] InnoDB: Starting shutdown...
2016-07-20  6:51:51 140008484514480 [Note] InnoDB: Shutdown completed; log sequence number 1616829
2016-07-20  6:51:51 140008484514480 [Note] /usr/bin/mysqld: Shutdown complete

160720 06:51:51 mysqld_safe mysqld from pid file /var/run/mysqld/mysqld.pid ended
160720 06:51:51 mysqld_safe Starting mysqld daemon with databases from /var/lib/mysql
2016-07-20  6:51:51 140650315672616 [Note] Using unique option prefix 'key_buffer' is error-prone and can break in the future. Please use the full name 'key_buffer_size' instead.
2016-07-20  6:51:51 140650315672616 [Note] /usr/bin/mysqld (mysqld 10.1.12-MariaDB) starting as process 422 ...
2016-07-20  6:51:51 140650315672616 [Note] Using unique option prefix 'myisam-recover' is error-prone and can break in the future. Please use the full name 'myisam-recover-options' instead.
2016-07-20  6:51:52 140650315672616 [Note] InnoDB: Using mutexes to ref count buffer pool pages
2016-07-20  6:51:52 140650315672616 [Note] InnoDB: The InnoDB memory heap is disabled
2016-07-20  6:51:52 140650315672616 [Note] InnoDB: Mutexes and rw_locks use GCC atomic builtins
2016-07-20  6:51:52 140650315672616 [Note] InnoDB: Memory barrier is not used
2016-07-20  6:51:52 140650315672616 [Note] InnoDB: Compressed tables use zlib 1.2.8
2016-07-20  6:51:52 140650315672616 [Note] InnoDB: Using Linux native AIO
2016-07-20  6:51:52 140650315672616 [Note] InnoDB: Using SSE crc32 instructions
2016-07-20  6:51:52 140650315672616 [Note] InnoDB: Initializing buffer pool, size = 128.0M
2016-07-20  6:51:52 140650315672616 [Note] InnoDB: Completed initialization of buffer pool
2016-07-20  6:51:52 140650315672616 [Note] InnoDB: Highest supported file format is Barracuda.
2016-07-20  6:51:52 140650315672616 [Note] InnoDB: 128 rollback segment(s) are active.
2016-07-20  6:51:52 140650315672616 [Note] InnoDB: Waiting for purge to start
2016-07-20  6:51:52 140650315672616 [Note] InnoDB:  Percona XtraDB (http://www.percona.com) 5.6.28-76.1 started; log sequence number 1616829
2016-07-20  6:51:52 140650082667184 [Note] InnoDB: Dumping buffer pool(s) not yet started
2016-07-20  6:51:52 140650315672616 [Note] Plugin 'FEEDBACK' is disabled.
2016-07-20  6:51:52 140650315672616 [Note] Server socket created on IP: '0.0.0.0'.
2016-07-20  6:51:52 140650315672616 [Note] /usr/bin/mysqld: ready for connections.
Version: '10.1.12-MariaDB'  socket: '/var/run/mysqld/mysqld.sock'  port: 3306  MariaDB Server
2016-07-20  6:58:55 140650079476400 [Note] InnoDB: Online DDL : Start
2016-07-20  6:58:55 140650079476400 [Note] InnoDB: Online DDL : Start reading clustered index of the table and create temporary files
2016-07-20  6:58:55 140650079476400 [Note] InnoDB: Online DDL : End of reading clustered index of the table and create temporary files
2016-07-20  6:58:55 140650079476400 [Note] InnoDB: Online DDL : Start applying row log
2016-07-20  6:58:55 140650079476400 [Note] InnoDB: Online DDL : End of applying row log
2016-07-20  6:58:55 140650079476400 [Note] InnoDB: Online DDL : Completed
2016-07-20  6:58:55 140650079476400 [Note] InnoDB: Online DDL : Start
2016-07-20  6:58:55 140650079476400 [Note] InnoDB: Online DDL : Start reading clustered index of the table and create temporary files
2016-07-20  6:58:55 140650079476400 [Note] InnoDB: Online DDL : End of reading clustered index of the table and create temporary files
2016-07-20  6:58:55 140650079476400 [Note] InnoDB: Online DDL : Start applying row log
2016-07-20  6:58:55 140650079476400 [Note] InnoDB: Online DDL : End of applying row log
2016-07-20  6:58:55 140650079476400 [Note] InnoDB: Online DDL : Completed
2016-07-20  6:58:55 140650079476400 [Note] InnoDB: Online DDL : Start
2016-07-20  6:58:55 140650079476400 [Note] InnoDB: Online DDL : Start reading clustered index of the table and create temporary files
2016-07-20  6:58:55 140650079476400 [Note] InnoDB: Online DDL : End of reading clustered index of the table and create temporary files
2016-07-20  6:58:55 140650079476400 [Note] InnoDB: Online DDL : Start applying row log
2016-07-20  6:58:55 140650079476400 [Note] InnoDB: Online DDL : End of applying row log
2016-07-20  6:58:55 140650079476400 [Note] InnoDB: Online DDL : Completed
160720 06:59:42 mysqld_safe Starting mysqld daemon with databases from /var/lib/mysql
2016-07-20  6:59:43 139988885662760 [Note] Using unique option prefix 'key_buffer' is error-prone and can break in the future. Please use the full name 'key_buffer_size' instead.
2016-07-20  6:59:43 139988885662760 [Note] /usr/bin/mysqld (mysqld 10.1.12-MariaDB) starting as process 139 ...
2016-07-20  6:59:43 139988885662760 [Note] Using unique option prefix 'myisam-recover' is error-prone and can break in the future. Please use the full name 'myisam-recover-options' instead.
2016-07-20  6:59:43 139988885662760 [Note] InnoDB: Using mutexes to ref count buffer pool pages
2016-07-20  6:59:43 139988885662760 [Note] InnoDB: The InnoDB memory heap is disabled
2016-07-20  6:59:43 139988885662760 [Note] InnoDB: Mutexes and rw_locks use GCC atomic builtins
2016-07-20  6:59:43 139988885662760 [Note] InnoDB: Memory barrier is not used
2016-07-20  6:59:43 139988885662760 [Note] InnoDB: Compressed tables use zlib 1.2.8
2016-07-20  6:59:43 139988885662760 [Note] InnoDB: Using Linux native AIO
2016-07-20  6:59:43 139988885662760 [Note] InnoDB: Using SSE crc32 instructions
2016-07-20  6:59:43 139988885662760 [Note] InnoDB: Initializing buffer pool, size = 128.0M
2016-07-20  6:59:43 139988885662760 [Note] InnoDB: Completed initialization of buffer pool
2016-07-20  6:59:43 139988885662760 [Note] InnoDB: Highest supported file format is Barracuda.
2016-07-20  6:59:43 139988885662760 [Note] InnoDB: The log sequence numbers 1616829 and 1616829 in ibdata files do not match the log sequence number 1658278 in the ib_logfiles!
2016-07-20  6:59:43 139988885662760 [Note] InnoDB: Database was not shutdown normally!
2016-07-20  6:59:43 139988885662760 [Note] InnoDB: Starting crash recovery.
2016-07-20  6:59:43 139988885662760 [Note] InnoDB: Reading tablespace information from the .ibd files...
2016-07-20  6:59:43 139988885662760 [Note] InnoDB: Restoring possible half-written data pages 
2016-07-20  6:59:43 139988885662760 [Note] InnoDB: from the doublewrite buffer...
2016-07-20  6:59:43 139988885662760 [Note] InnoDB: 128 rollback segment(s) are active.
2016-07-20  6:59:43 139988885662760 [Note] InnoDB: Waiting for purge to start
2016-07-20  6:59:43 139988885662760 [Note] InnoDB:  Percona XtraDB (http://www.percona.com) 5.6.28-76.1 started; log sequence number 1658278
2016-07-20  6:59:44 139988652657328 [Note] InnoDB: Dumping buffer pool(s) not yet started
2016-07-20  6:59:44 139988885662760 [Note] Plugin 'FEEDBACK' is disabled.
2016-07-20  6:59:44 139988885662760 [Note] Recovering after a crash using tc.log
2016-07-20  6:59:44 139988885662760 [Note] Starting crash recovery...
2016-07-20  6:59:44 139988885662760 [Note] Crash recovery finished.
2016-07-20  6:59:44 139988885662760 [Note] Server socket created on IP: '0.0.0.0'.
2016-07-20  6:59:44 139988885662760 [Note] /usr/bin/mysqld: ready for connections.
Version: '10.1.12-MariaDB'  socket: '/var/run/mysqld/mysqld.sock'  port: 3306  MariaDB Server
160720 07:14:13 mysqld_safe Starting mysqld daemon with databases from /var/lib/mysql
2016-07-20  7:14:13 140122438626344 [Note] Using unique option prefix 'key_buffer' is error-prone and can break in the future. Please use the full name 'key_buffer_size' instead.
2016-07-20  7:14:13 140122438626344 [Note] /usr/bin/mysqld (mysqld 10.1.12-MariaDB) starting as process 140 ...
2016-07-20  7:14:13 140122438626344 [Note] Using unique option prefix 'myisam-recover' is error-prone and can break in the future. Please use the full name 'myisam-recover-options' instead.
2016-07-20  7:14:13 140122438626344 [Note] InnoDB: Using mutexes to ref count buffer pool pages
2016-07-20  7:14:13 140122438626344 [Note] InnoDB: The InnoDB memory heap is disabled
2016-07-20  7:14:13 140122438626344 [Note] InnoDB: Mutexes and rw_locks use GCC atomic builtins
2016-07-20  7:14:13 140122438626344 [Note] InnoDB: Memory barrier is not used
2016-07-20  7:14:13 140122438626344 [Note] InnoDB: Compressed tables use zlib 1.2.8
2016-07-20  7:14:13 140122438626344 [Note] InnoDB: Using Linux native AIO
2016-07-20  7:14:13 140122438626344 [Note] InnoDB: Using SSE crc32 instructions
2016-07-20  7:14:13 140122438626344 [Note] InnoDB: Initializing buffer pool, size = 128.0M
2016-07-20  7:14:13 140122438626344 [Note] InnoDB: Completed initialization of buffer pool
2016-07-20  7:14:13 140122438626344 [Note] InnoDB: Highest supported file format is Barracuda.
2016-07-20  7:14:13 140122438626344 [Note] InnoDB: The log sequence numbers 1616829 and 1616829 in ibdata files do not match the log sequence number 1659662 in the ib_logfiles!
2016-07-20  7:14:13 140122438626344 [Note] InnoDB: Database was not shutdown normally!
2016-07-20  7:14:13 140122438626344 [Note] InnoDB: Starting crash recovery.
2016-07-20  7:14:13 140122438626344 [Note] InnoDB: Reading tablespace information from the .ibd files...
2016-07-20  7:14:13 140122438626344 [Note] InnoDB: Restoring possible half-written data pages 
2016-07-20  7:14:13 140122438626344 [Note] InnoDB: from the doublewrite buffer...
2016-07-20  7:14:14 140122438626344 [Note] InnoDB: 128 rollback segment(s) are active.
2016-07-20  7:14:14 140122438626344 [Note] InnoDB: Waiting for purge to start
2016-07-20  7:14:14 140122438626344 [Note] InnoDB:  Percona XtraDB (http://www.percona.com) 5.6.28-76.1 started; log sequence number 1659662
2016-07-20  7:14:14 140122205620912 [Note] InnoDB: Dumping buffer pool(s) not yet started
2016-07-20  7:14:14 140122438626344 [Note] Plugin 'FEEDBACK' is disabled.
2016-07-20  7:14:14 140122438626344 [Note] Recovering after a crash using tc.log
2016-07-20  7:14:14 140122438626344 [Note] Starting crash recovery...
2016-07-20  7:14:14 140122438626344 [Note] Crash recovery finished.
2016-07-20  7:14:14 140122438626344 [Note] Server socket created on IP: '0.0.0.0'.
2016-07-20  7:14:14 140122438626344 [Note] /usr/bin/mysqld: ready for connections.
Version: '10.1.12-MariaDB'  socket: '/var/run/mysqld/mysqld.sock'  port: 3306  MariaDB Server
160720 07:17:40 mysqld_safe Starting mysqld daemon with databases from /var/lib/mysql
2016-07-20  7:17:40 140662993415208 [Note] Using unique option prefix 'key_buffer' is error-prone and can break in the future. Please use the full name 'key_buffer_size' instead.
2016-07-20  7:17:40 140662993415208 [Note] /usr/bin/mysqld (mysqld 10.1.12-MariaDB) starting as process 140 ...
2016-07-20  7:17:40 140662993415208 [Note] Using unique option prefix 'myisam-recover' is error-prone and can break in the future. Please use the full name 'myisam-recover-options' instead.
2016-07-20  7:17:41 140662993415208 [Note] InnoDB: Using mutexes to ref count buffer pool pages
2016-07-20  7:17:41 140662993415208 [Note] InnoDB: The InnoDB memory heap is disabled
2016-07-20  7:17:41 140662993415208 [Note] InnoDB: Mutexes and rw_locks use GCC atomic builtins
2016-07-20  7:17:41 140662993415208 [Note] InnoDB: Memory barrier is not used
2016-07-20  7:17:41 140662993415208 [Note] InnoDB: Compressed tables use zlib 1.2.8
2016-07-20  7:17:41 140662993415208 [Note] InnoDB: Using Linux native AIO
2016-07-20  7:17:41 140662993415208 [Note] InnoDB: Using SSE crc32 instructions
2016-07-20  7:17:41 140662993415208 [Note] InnoDB: Initializing buffer pool, size = 128.0M
2016-07-20  7:17:41 140662993415208 [Note] InnoDB: Completed initialization of buffer pool
2016-07-20  7:17:41 140662993415208 [Note] InnoDB: Highest supported file format is Barracuda.
2016-07-20  7:17:41 140662993415208 [Note] InnoDB: The log sequence numbers 1616829 and 1616829 in ibdata files do not match the log sequence number 1659672 in the ib_logfiles!
2016-07-20  7:17:41 140662993415208 [Note] InnoDB: Database was not shutdown normally!
2016-07-20  7:17:41 140662993415208 [Note] InnoDB: Starting crash recovery.
2016-07-20  7:17:41 140662993415208 [Note] InnoDB: Reading tablespace information from the .ibd files...
2016-07-20  7:17:41 140662993415208 [Note] InnoDB: Restoring possible half-written data pages 
2016-07-20  7:17:41 140662993415208 [Note] InnoDB: from the doublewrite buffer...
2016-07-20  7:17:41 140662993415208 [Note] InnoDB: 128 rollback segment(s) are active.
2016-07-20  7:17:41 140662993415208 [Note] InnoDB: Waiting for purge to start
2016-07-20  7:17:41 140662993415208 [Note] InnoDB:  Percona XtraDB (http://www.percona.com) 5.6.28-76.1 started; log sequence number 1659672
2016-07-20  7:17:41 140662760409776 [Note] InnoDB: Dumping buffer pool(s) not yet started
2016-07-20  7:17:41 140662993415208 [Note] Plugin 'FEEDBACK' is disabled.
2016-07-20  7:17:41 140662993415208 [Note] Recovering after a crash using tc.log
2016-07-20  7:17:41 140662993415208 [Note] Starting crash recovery...
2016-07-20  7:17:41 140662993415208 [Note] Crash recovery finished.
2016-07-20  7:17:42 140662993415208 [Note] Server socket created on IP: '0.0.0.0'.
2016-07-20  7:17:42 140662993415208 [Note] /usr/bin/mysqld: ready for connections.
Version: '10.1.12-MariaDB'  socket: '/var/run/mysqld/mysqld.sock'  port: 3306  MariaDB Server
160720 07:21:36 mysqld_safe Starting mysqld daemon with databases from /var/lib/mysql
2016-07-20  7:21:36 140694347082792 [Note] Using unique option prefix 'key_buffer' is error-prone and can break in the future. Please use the full name 'key_buffer_size' instead.
2016-07-20  7:21:36 140694347082792 [Note] /usr/bin/mysqld (mysqld 10.1.12-MariaDB) starting as process 139 ...
2016-07-20  7:21:36 140694347082792 [Note] Using unique option prefix 'myisam-recover' is error-prone and can break in the future. Please use the full name 'myisam-recover-options' instead.
2016-07-20  7:21:36 140694347082792 [Note] InnoDB: Using mutexes to ref count buffer pool pages
2016-07-20  7:21:36 140694347082792 [Note] InnoDB: The InnoDB memory heap is disabled
2016-07-20  7:21:36 140694347082792 [Note] InnoDB: Mutexes and rw_locks use GCC atomic builtins
2016-07-20  7:21:36 140694347082792 [Note] InnoDB: Memory barrier is not used
2016-07-20  7:21:36 140694347082792 [Note] InnoDB: Compressed tables use zlib 1.2.8
2016-07-20  7:21:36 140694347082792 [Note] InnoDB: Using Linux native AIO
2016-07-20  7:21:36 140694347082792 [Note] InnoDB: Using SSE crc32 instructions
2016-07-20  7:21:36 140694347082792 [Note] InnoDB: Initializing buffer pool, size = 128.0M
2016-07-20  7:21:36 140694347082792 [Note] InnoDB: Completed initialization of buffer pool
2016-07-20  7:21:36 140694347082792 [Note] InnoDB: Highest supported file format is Barracuda.
2016-07-20  7:21:36 140694347082792 [Note] InnoDB: The log sequence numbers 1616829 and 1616829 in ibdata files do not match the log sequence number 1659682 in the ib_logfiles!
2016-07-20  7:21:36 140694347082792 [Note] InnoDB: Database was not shutdown normally!
2016-07-20  7:21:36 140694347082792 [Note] InnoDB: Starting crash recovery.
2016-07-20  7:21:36 140694347082792 [Note] InnoDB: Reading tablespace information from the .ibd files...
2016-07-20  7:21:36 140694347082792 [Note] InnoDB: Restoring possible half-written data pages 
2016-07-20  7:21:36 140694347082792 [Note] InnoDB: from the doublewrite buffer...
2016-07-20  7:21:37 140694347082792 [Note] InnoDB: 128 rollback segment(s) are active.
2016-07-20  7:21:37 140694347082792 [Note] InnoDB: Waiting for purge to start
2016-07-20  7:21:37 140694347082792 [Note] InnoDB:  Percona XtraDB (http://www.percona.com) 5.6.28-76.1 started; log sequence number 1659682
2016-07-20  7:21:37 140694114077360 [Note] InnoDB: Dumping buffer pool(s) not yet started
2016-07-20  7:21:37 140694347082792 [Note] Plugin 'FEEDBACK' is disabled.
2016-07-20  7:21:37 140694347082792 [Note] Recovering after a crash using tc.log
2016-07-20  7:21:37 140694347082792 [Note] Starting crash recovery...
2016-07-20  7:21:37 140694347082792 [Note] Crash recovery finished.
2016-07-20  7:21:37 140694347082792 [Note] Server socket created on IP: '0.0.0.0'.
2016-07-20  7:21:37 140694347082792 [Note] /usr/bin/mysqld: ready for connections.
Version: '10.1.12-MariaDB'  socket: '/var/run/mysqld/mysqld.sock'  port: 3306  MariaDB Server
160720 08:07:21 mysqld_safe Starting mysqld daemon with databases from /var/lib/mysql
2016-07-20  8:07:21 140492452621352 [Note] Using unique option prefix 'key_buffer' is error-prone and can break in the future. Please use the full name 'key_buffer_size' instead.
2016-07-20  8:07:21 140492452621352 [Note] /usr/bin/mysqld (mysqld 10.1.12-MariaDB) starting as process 139 ...
2016-07-20  8:07:21 140492452621352 [Note] Using unique option prefix 'myisam-recover' is error-prone and can break in the future. Please use the full name 'myisam-recover-options' instead.
2016-07-20  8:07:22 140492452621352 [Note] InnoDB: Using mutexes to ref count buffer pool pages
2016-07-20  8:07:22 140492452621352 [Note] InnoDB: The InnoDB memory heap is disabled
2016-07-20  8:07:22 140492452621352 [Note] InnoDB: Mutexes and rw_locks use GCC atomic builtins
2016-07-20  8:07:22 140492452621352 [Note] InnoDB: Memory barrier is not used
2016-07-20  8:07:22 140492452621352 [Note] InnoDB: Compressed tables use zlib 1.2.8
2016-07-20  8:07:22 140492452621352 [Note] InnoDB: Using Linux native AIO
2016-07-20  8:07:22 140492452621352 [Note] InnoDB: Using SSE crc32 instructions
2016-07-20  8:07:22 140492452621352 [Note] InnoDB: Initializing buffer pool, size = 128.0M
2016-07-20  8:07:22 140492452621352 [Note] InnoDB: Completed initialization of buffer pool
2016-07-20  8:07:22 140492452621352 [Note] InnoDB: Highest supported file format is Barracuda.
2016-07-20  8:07:22 140492452621352 [Note] InnoDB: The log sequence numbers 1616829 and 1616829 in ibdata files do not match the log sequence number 1660775 in the ib_logfiles!
2016-07-20  8:07:22 140492452621352 [Note] InnoDB: Database was not shutdown normally!
2016-07-20  8:07:22 140492452621352 [Note] InnoDB: Starting crash recovery.
2016-07-20  8:07:22 140492452621352 [Note] InnoDB: Reading tablespace information from the .ibd files...
2016-07-20  8:07:22 140492452621352 [Note] InnoDB: Restoring possible half-written data pages 
2016-07-20  8:07:22 140492452621352 [Note] InnoDB: from the doublewrite buffer...
2016-07-20  8:07:22 140492452621352 [Note] InnoDB: 128 rollback segment(s) are active.
2016-07-20  8:07:22 140492452621352 [Note] InnoDB: Waiting for purge to start
2016-07-20  8:07:22 140492452621352 [Note] InnoDB:  Percona XtraDB (http://www.percona.com) 5.6.28-76.1 started; log sequence number 1660775
2016-07-20  8:07:22 140492219615920 [Note] InnoDB: Dumping buffer pool(s) not yet started
2016-07-20  8:07:22 140492452621352 [Note] Plugin 'FEEDBACK' is disabled.
2016-07-20  8:07:22 140492452621352 [Note] Recovering after a crash using tc.log
2016-07-20  8:07:22 140492452621352 [Note] Starting crash recovery...
2016-07-20  8:07:22 140492452621352 [Note] Crash recovery finished.
2016-07-20  8:07:23 140492452621352 [Note] Server socket created on IP: '0.0.0.0'.
2016-07-20  8:07:23 140492452621352 [Note] /usr/bin/mysqld: ready for connections.
Version: '10.1.12-MariaDB'  socket: '/var/run/mysqld/mysqld.sock'  port: 3306  MariaDB Server
160720 09:02:52 mysqld_safe Starting mysqld daemon with databases from /var/lib/mysql
2016-07-20  9:02:54 139686550203432 [Note] Using unique option prefix 'key_buffer' is error-prone and can break in the future. Please use the full name 'key_buffer_size' instead.
2016-07-20  9:02:54 139686550203432 [Note] /usr/bin/mysqld (mysqld 10.1.12-MariaDB) starting as process 139 ...
2016-07-20  9:02:54 139686550203432 [Note] Using unique option prefix 'myisam-recover' is error-prone and can break in the future. Please use the full name 'myisam-recover-options' instead.
2016-07-20  9:02:54 139686550203432 [Note] InnoDB: Using mutexes to ref count buffer pool pages
2016-07-20  9:02:54 139686550203432 [Note] InnoDB: The InnoDB memory heap is disabled
2016-07-20  9:02:54 139686550203432 [Note] InnoDB: Mutexes and rw_locks use GCC atomic builtins
2016-07-20  9:02:54 139686550203432 [Note] InnoDB: Memory barrier is not used
2016-07-20  9:02:54 139686550203432 [Note] InnoDB: Compressed tables use zlib 1.2.8
2016-07-20  9:02:54 139686550203432 [Note] InnoDB: Using Linux native AIO
2016-07-20  9:02:54 139686550203432 [Note] InnoDB: Using SSE crc32 instructions
2016-07-20  9:02:54 139686550203432 [Note] InnoDB: Initializing buffer pool, size = 128.0M
2016-07-20  9:02:54 139686550203432 [Note] InnoDB: Completed initialization of buffer pool
2016-07-20  9:02:54 139686550203432 [Note] InnoDB: Highest supported file format is Barracuda.
2016-07-20  9:02:54 139686550203432 [Note] InnoDB: The log sequence numbers 1616829 and 1616829 in ibdata files do not match the log sequence number 1660785 in the ib_logfiles!
2016-07-20  9:02:54 139686550203432 [Note] InnoDB: Database was not shutdown normally!
2016-07-20  9:02:54 139686550203432 [Note] InnoDB: Starting crash recovery.
2016-07-20  9:02:54 139686550203432 [Note] InnoDB: Reading tablespace information from the .ibd files...
2016-07-20  9:02:54 139686550203432 [Note] InnoDB: Restoring possible half-written data pages 
2016-07-20  9:02:54 139686550203432 [Note] InnoDB: from the doublewrite buffer...
2016-07-20  9:02:55 139686550203432 [Note] InnoDB: 128 rollback segment(s) are active.
2016-07-20  9:02:55 139686550203432 [Note] InnoDB: Waiting for purge to start
2016-07-20  9:02:55 139686550203432 [Note] InnoDB:  Percona XtraDB (http://www.percona.com) 5.6.28-76.1 started; log sequence number 1660785
2016-07-20  9:02:56 139686317198000 [Note] InnoDB: Dumping buffer pool(s) not yet started
2016-07-20  9:02:56 139686550203432 [Note] Plugin 'FEEDBACK' is disabled.
2016-07-20  9:02:56 139686550203432 [Note] Recovering after a crash using tc.log
2016-07-20  9:02:56 139686550203432 [Note] Starting crash recovery...
2016-07-20  9:02:56 139686550203432 [Note] Crash recovery finished.
2016-07-20  9:02:56 139686550203432 [Note] Server socket created on IP: '0.0.0.0'.
2016-07-20  9:02:56 139686550203432 [Note] /usr/bin/mysqld: ready for connections.
Version: '10.1.12-MariaDB'  socket: '/var/run/mysqld/mysqld.sock'  port: 3306  MariaDB Server
160720 09:08:47 mysqld_safe Starting mysqld daemon with databases from /var/lib/mysql
2016-07-20  9:08:47 139802532736040 [Note] Using unique option prefix 'key_buffer' is error-prone and can break in the future. Please use the full name 'key_buffer_size' instead.
2016-07-20  9:08:47 139802532736040 [Note] /usr/bin/mysqld (mysqld 10.1.12-MariaDB) starting as process 139 ...
2016-07-20  9:08:47 139802532736040 [Note] Using unique option prefix 'myisam-recover' is error-prone and can break in the future. Please use the full name 'myisam-recover-options' instead.
2016-07-20  9:08:47 139802532736040 [Note] InnoDB: Using mutexes to ref count buffer pool pages
2016-07-20  9:08:47 139802532736040 [Note] InnoDB: The InnoDB memory heap is disabled
2016-07-20  9:08:47 139802532736040 [Note] InnoDB: Mutexes and rw_locks use GCC atomic builtins
2016-07-20  9:08:47 139802532736040 [Note] InnoDB: Memory barrier is not used
2016-07-20  9:08:47 139802532736040 [Note] InnoDB: Compressed tables use zlib 1.2.8
2016-07-20  9:08:47 139802532736040 [Note] InnoDB: Using Linux native AIO
2016-07-20  9:08:47 139802532736040 [Note] InnoDB: Using SSE crc32 instructions
2016-07-20  9:08:47 139802532736040 [Note] InnoDB: Initializing buffer pool, size = 128.0M
2016-07-20  9:08:47 139802532736040 [Note] InnoDB: Completed initialization of buffer pool
2016-07-20  9:08:47 139802532736040 [Note] InnoDB: Highest supported file format is Barracuda.
2016-07-20  9:08:47 139802532736040 [Note] InnoDB: The log sequence numbers 1616829 and 1616829 in ibdata files do not match the log sequence number 1660795 in the ib_logfiles!
2016-07-20  9:08:47 139802532736040 [Note] InnoDB: Database was not shutdown normally!
2016-07-20  9:08:47 139802532736040 [Note] InnoDB: Starting crash recovery.
2016-07-20  9:08:47 139802532736040 [Note] InnoDB: Reading tablespace information from the .ibd files...
2016-07-20  9:08:47 139802532736040 [Note] InnoDB: Restoring possible half-written data pages 
2016-07-20  9:08:47 139802532736040 [Note] InnoDB: from the doublewrite buffer...
2016-07-20  9:08:47 139802532736040 [Note] InnoDB: 128 rollback segment(s) are active.
2016-07-20  9:08:47 139802532736040 [Note] InnoDB: Waiting for purge to start
2016-07-20  9:08:47 139802532736040 [Note] InnoDB:  Percona XtraDB (http://www.percona.com) 5.6.28-76.1 started; log sequence number 1660795
2016-07-20  9:08:48 139802299730608 [Note] InnoDB: Dumping buffer pool(s) not yet started
2016-07-20  9:08:48 139802532736040 [Note] Plugin 'FEEDBACK' is disabled.
2016-07-20  9:08:48 139802532736040 [Note] Recovering after a crash using tc.log
2016-07-20  9:08:48 139802532736040 [Note] Starting crash recovery...
2016-07-20  9:08:48 139802532736040 [Note] Crash recovery finished.
2016-07-20  9:08:49 139802532736040 [Note] Server socket created on IP: '0.0.0.0'.
2016-07-20  9:08:49 139802532736040 [Note] /usr/bin/mysqld: ready for connections.
Version: '10.1.12-MariaDB'  socket: '/var/run/mysqld/mysqld.sock'  port: 3306  MariaDB Server
160720 09:15:04 mysqld_safe Starting mysqld daemon with databases from /var/lib/mysql
2016-07-20  9:15:04 139862445190184 [Note] Using unique option prefix 'key_buffer' is error-prone and can break in the future. Please use the full name 'key_buffer_size' instead.
2016-07-20  9:15:04 139862445190184 [Note] /usr/bin/mysqld (mysqld 10.1.12-MariaDB) starting as process 139 ...
2016-07-20  9:15:04 139862445190184 [Note] Using unique option prefix 'myisam-recover' is error-prone and can break in the future. Please use the full name 'myisam-recover-options' instead.
2016-07-20  9:15:04 139862445190184 [Note] InnoDB: Using mutexes to ref count buffer pool pages
2016-07-20  9:15:04 139862445190184 [Note] InnoDB: The InnoDB memory heap is disabled
2016-07-20  9:15:04 139862445190184 [Note] InnoDB: Mutexes and rw_locks use GCC atomic builtins
2016-07-20  9:15:04 139862445190184 [Note] InnoDB: Memory barrier is not used
2016-07-20  9:15:04 139862445190184 [Note] InnoDB: Compressed tables use zlib 1.2.8
2016-07-20  9:15:04 139862445190184 [Note] InnoDB: Using Linux native AIO
2016-07-20  9:15:04 139862445190184 [Note] InnoDB: Using SSE crc32 instructions
2016-07-20  9:15:04 139862445190184 [Note] InnoDB: Initializing buffer pool, size = 128.0M
2016-07-20  9:15:04 139862445190184 [Note] InnoDB: Completed initialization of buffer pool
2016-07-20  9:15:04 139862445190184 [Note] InnoDB: Highest supported file format is Barracuda.
2016-07-20  9:15:04 139862445190184 [Note] InnoDB: The log sequence numbers 1616829 and 1616829 in ibdata files do not match the log sequence number 1660805 in the ib_logfiles!
2016-07-20  9:15:04 139862445190184 [Note] InnoDB: Database was not shutdown normally!
2016-07-20  9:15:04 139862445190184 [Note] InnoDB: Starting crash recovery.
2016-07-20  9:15:04 139862445190184 [Note] InnoDB: Reading tablespace information from the .ibd files...
2016-07-20  9:15:04 139862445190184 [Note] InnoDB: Restoring possible half-written data pages 
2016-07-20  9:15:04 139862445190184 [Note] InnoDB: from the doublewrite buffer...
2016-07-20  9:15:05 139862445190184 [Note] InnoDB: 128 rollback segment(s) are active.
2016-07-20  9:15:05 139862445190184 [Note] InnoDB: Waiting for purge to start
2016-07-20  9:15:05 139862445190184 [Note] InnoDB:  Percona XtraDB (http://www.percona.com) 5.6.28-76.1 started; log sequence number 1660805
2016-07-20  9:15:05 139862212184752 [Note] InnoDB: Dumping buffer pool(s) not yet started
2016-07-20  9:15:05 139862445190184 [Note] Plugin 'FEEDBACK' is disabled.
2016-07-20  9:15:05 139862445190184 [Note] Recovering after a crash using tc.log
2016-07-20  9:15:05 139862445190184 [Note] Starting crash recovery...
2016-07-20  9:15:05 139862445190184 [Note] Crash recovery finished.
2016-07-20  9:15:05 139862445190184 [Note] Server socket created on IP: '0.0.0.0'.
2016-07-20  9:15:05 139862445190184 [Note] /usr/bin/mysqld: ready for connections.
Version: '10.1.12-MariaDB'  socket: '/var/run/mysqld/mysqld.sock'  port: 3306  MariaDB Server
160720 09:22:19 mysqld_safe Starting mysqld daemon with databases from /var/lib/mysql
2016-07-20  9:22:19 139981936225320 [Note] Using unique option prefix 'key_buffer' is error-prone and can break in the future. Please use the full name 'key_buffer_size' instead.
2016-07-20  9:22:19 139981936225320 [Note] /usr/bin/mysqld (mysqld 10.1.12-MariaDB) starting as process 138 ...
2016-07-20  9:22:19 139981936225320 [Note] Using unique option prefix 'myisam-recover' is error-prone and can break in the future. Please use the full name 'myisam-recover-options' instead.
2016-07-20  9:22:19 139981936225320 [Note] InnoDB: Using mutexes to ref count buffer pool pages
2016-07-20  9:22:19 139981936225320 [Note] InnoDB: The InnoDB memory heap is disabled
2016-07-20  9:22:19 139981936225320 [Note] InnoDB: Mutexes and rw_locks use GCC atomic builtins
2016-07-20  9:22:19 139981936225320 [Note] InnoDB: Memory barrier is not used
2016-07-20  9:22:19 139981936225320 [Note] InnoDB: Compressed tables use zlib 1.2.8
2016-07-20  9:22:19 139981936225320 [Note] InnoDB: Using Linux native AIO
2016-07-20  9:22:19 139981936225320 [Note] InnoDB: Using SSE crc32 instructions
2016-07-20  9:22:19 139981936225320 [Note] InnoDB: Initializing buffer pool, size = 128.0M
2016-07-20  9:22:19 139981936225320 [Note] InnoDB: Completed initialization of buffer pool
2016-07-20  9:22:19 139981936225320 [Note] InnoDB: Highest supported file format is Barracuda.
2016-07-20  9:22:19 139981936225320 [Note] InnoDB: The log sequence numbers 1616829 and 1616829 in ibdata files do not match the log sequence number 1660815 in the ib_logfiles!
2016-07-20  9:22:19 139981936225320 [Note] InnoDB: Database was not shutdown normally!
2016-07-20  9:22:19 139981936225320 [Note] InnoDB: Starting crash recovery.
2016-07-20  9:22:19 139981936225320 [Note] InnoDB: Reading tablespace information from the .ibd files...
2016-07-20  9:22:19 139981936225320 [Note] InnoDB: Restoring possible half-written data pages 
2016-07-20  9:22:19 139981936225320 [Note] InnoDB: from the doublewrite buffer...
2016-07-20  9:22:20 139981936225320 [Note] InnoDB: 128 rollback segment(s) are active.
2016-07-20  9:22:20 139981936225320 [Note] InnoDB: Waiting for purge to start
2016-07-20  9:22:20 139981936225320 [Note] InnoDB:  Percona XtraDB (http://www.percona.com) 5.6.28-76.1 started; log sequence number 1660815
2016-07-20  9:22:20 139981703219888 [Note] InnoDB: Dumping buffer pool(s) not yet started
2016-07-20  9:22:20 139981936225320 [Note] Plugin 'FEEDBACK' is disabled.
2016-07-20  9:22:20 139981936225320 [Note] Recovering after a crash using tc.log
2016-07-20  9:22:20 139981936225320 [Note] Starting crash recovery...
2016-07-20  9:22:20 139981936225320 [Note] Crash recovery finished.
2016-07-20  9:22:20 139981936225320 [Note] Server socket created on IP: '0.0.0.0'.
2016-07-20  9:22:20 139981936225320 [Note] /usr/bin/mysqld: ready for connections.
Version: '10.1.12-MariaDB'  socket: '/var/run/mysqld/mysqld.sock'  port: 3306  MariaDB Server
160720 09:47:28 mysqld_safe Starting mysqld daemon with databases from /var/lib/mysql
2016-07-20  9:47:28 139876937231400 [Note] Using unique option prefix 'key_buffer' is error-prone and can break in the future. Please use the full name 'key_buffer_size' instead.
2016-07-20  9:47:28 139876937231400 [Note] /usr/bin/mysqld (mysqld 10.1.12-MariaDB) starting as process 139 ...
2016-07-20  9:47:28 139876937231400 [Note] Using unique option prefix 'myisam-recover' is error-prone and can break in the future. Please use the full name 'myisam-recover-options' instead.
2016-07-20  9:47:28 139876937231400 [Note] InnoDB: Using mutexes to ref count buffer pool pages
2016-07-20  9:47:28 139876937231400 [Note] InnoDB: The InnoDB memory heap is disabled
2016-07-20  9:47:28 139876937231400 [Note] InnoDB: Mutexes and rw_locks use GCC atomic builtins
2016-07-20  9:47:28 139876937231400 [Note] InnoDB: Memory barrier is not used
2016-07-20  9:47:28 139876937231400 [Note] InnoDB: Compressed tables use zlib 1.2.8
2016-07-20  9:47:28 139876937231400 [Note] InnoDB: Using Linux native AIO
2016-07-20  9:47:28 139876937231400 [Note] InnoDB: Using SSE crc32 instructions
2016-07-20  9:47:28 139876937231400 [Note] InnoDB: Initializing buffer pool, size = 128.0M
2016-07-20  9:47:28 139876937231400 [Note] InnoDB: Completed initialization of buffer pool
2016-07-20  9:47:28 139876937231400 [Note] InnoDB: Highest supported file format is Barracuda.
2016-07-20  9:47:28 139876937231400 [Note] InnoDB: The log sequence numbers 1616829 and 1616829 in ibdata files do not match the log sequence number 1660825 in the ib_logfiles!
2016-07-20  9:47:28 139876937231400 [Note] InnoDB: Database was not shutdown normally!
2016-07-20  9:47:28 139876937231400 [Note] InnoDB: Starting crash recovery.
2016-07-20  9:47:28 139876937231400 [Note] InnoDB: Reading tablespace information from the .ibd files...
2016-07-20  9:47:28 139876937231400 [Note] InnoDB: Restoring possible half-written data pages 
2016-07-20  9:47:28 139876937231400 [Note] InnoDB: from the doublewrite buffer...
2016-07-20  9:47:29 139876937231400 [Note] InnoDB: 128 rollback segment(s) are active.
2016-07-20  9:47:29 139876937231400 [Note] InnoDB: Waiting for purge to start
2016-07-20  9:47:29 139876937231400 [Note] InnoDB:  Percona XtraDB (http://www.percona.com) 5.6.28-76.1 started; log sequence number 1660825
2016-07-20  9:47:29 139876704225968 [Note] InnoDB: Dumping buffer pool(s) not yet started
2016-07-20  9:47:29 139876937231400 [Note] Plugin 'FEEDBACK' is disabled.
2016-07-20  9:47:29 139876937231400 [Note] Recovering after a crash using tc.log
2016-07-20  9:47:29 139876937231400 [Note] Starting crash recovery...
2016-07-20  9:47:29 139876937231400 [Note] Crash recovery finished.
2016-07-20  9:47:29 139876937231400 [Note] Server socket created on IP: '0.0.0.0'.
2016-07-20  9:47:29 139876937231400 [Note] /usr/bin/mysqld: ready for connections.
Version: '10.1.12-MariaDB'  socket: '/var/run/mysqld/mysqld.sock'  port: 3306  MariaDB Server
160720 10:01:02 mysqld_safe Starting mysqld daemon with databases from /var/lib/mysql
2016-07-20 10:01:02 139877867482152 [Note] Using unique option prefix 'key_buffer' is error-prone and can break in the future. Please use the full name 'key_buffer_size' instead.
2016-07-20 10:01:02 139877867482152 [Note] /usr/bin/mysqld (mysqld 10.1.12-MariaDB) starting as process 140 ...
2016-07-20 10:01:02 139877867482152 [Note] Using unique option prefix 'myisam-recover' is error-prone and can break in the future. Please use the full name 'myisam-recover-options' instead.
2016-07-20 10:01:02 139877867482152 [Note] InnoDB: Using mutexes to ref count buffer pool pages
2016-07-20 10:01:02 139877867482152 [Note] InnoDB: The InnoDB memory heap is disabled
2016-07-20 10:01:02 139877867482152 [Note] InnoDB: Mutexes and rw_locks use GCC atomic builtins
2016-07-20 10:01:02 139877867482152 [Note] InnoDB: Memory barrier is not used
2016-07-20 10:01:02 139877867482152 [Note] InnoDB: Compressed tables use zlib 1.2.8
2016-07-20 10:01:02 139877867482152 [Note] InnoDB: Using Linux native AIO
2016-07-20 10:01:02 139877867482152 [Note] InnoDB: Using SSE crc32 instructions
2016-07-20 10:01:02 139877867482152 [Note] InnoDB: Initializing buffer pool, size = 128.0M
2016-07-20 10:01:02 139877867482152 [Note] InnoDB: Completed initialization of buffer pool
2016-07-20 10:01:02 139877867482152 [Note] InnoDB: Highest supported file format is Barracuda.
2016-07-20 10:01:02 139877867482152 [Note] InnoDB: The log sequence numbers 1616829 and 1616829 in ibdata files do not match the log sequence number 1660835 in the ib_logfiles!
2016-07-20 10:01:02 139877867482152 [Note] InnoDB: Database was not shutdown normally!
2016-07-20 10:01:02 139877867482152 [Note] InnoDB: Starting crash recovery.
2016-07-20 10:01:02 139877867482152 [Note] InnoDB: Reading tablespace information from the .ibd files...
2016-07-20 10:01:02 139877867482152 [Note] InnoDB: Restoring possible half-written data pages 
2016-07-20 10:01:02 139877867482152 [Note] InnoDB: from the doublewrite buffer...
2016-07-20 10:01:02 139877867482152 [Note] InnoDB: 128 rollback segment(s) are active.
2016-07-20 10:01:02 139877867482152 [Note] InnoDB: Waiting for purge to start
2016-07-20 10:01:02 139877867482152 [Note] InnoDB:  Percona XtraDB (http://www.percona.com) 5.6.28-76.1 started; log sequence number 1660835
2016-07-20 10:01:03 139877634476720 [Note] InnoDB: Dumping buffer pool(s) not yet started
2016-07-20 10:01:03 139877867482152 [Note] Plugin 'FEEDBACK' is disabled.
2016-07-20 10:01:03 139877867482152 [Note] Recovering after a crash using tc.log
2016-07-20 10:01:03 139877867482152 [Note] Starting crash recovery...
2016-07-20 10:01:03 139877867482152 [Note] Crash recovery finished.
2016-07-20 10:01:03 139877867482152 [Note] Server socket created on IP: '0.0.0.0'.
2016-07-20 10:01:03 139877867482152 [Note] /usr/bin/mysqld: ready for connections.
Version: '10.1.12-MariaDB'  socket: '/var/run/mysqld/mysqld.sock'  port: 3306  MariaDB Server
160720 10:02:19 mysqld_safe Starting mysqld daemon with databases from /var/lib/mysql
2016-07-20 10:02:19 139832929807400 [Note] Using unique option prefix 'key_buffer' is error-prone and can break in the future. Please use the full name 'key_buffer_size' instead.
2016-07-20 10:02:19 139832929807400 [Note] /usr/bin/mysqld (mysqld 10.1.12-MariaDB) starting as process 140 ...
2016-07-20 10:02:19 139832929807400 [Note] Using unique option prefix 'myisam-recover' is error-prone and can break in the future. Please use the full name 'myisam-recover-options' instead.
2016-07-20 10:02:19 139832929807400 [Note] InnoDB: Using mutexes to ref count buffer pool pages
2016-07-20 10:02:19 139832929807400 [Note] InnoDB: The InnoDB memory heap is disabled
2016-07-20 10:02:19 139832929807400 [Note] InnoDB: Mutexes and rw_locks use GCC atomic builtins
2016-07-20 10:02:19 139832929807400 [Note] InnoDB: Memory barrier is not used
2016-07-20 10:02:19 139832929807400 [Note] InnoDB: Compressed tables use zlib 1.2.8
2016-07-20 10:02:19 139832929807400 [Note] InnoDB: Using Linux native AIO
2016-07-20 10:02:19 139832929807400 [Note] InnoDB: Using SSE crc32 instructions
2016-07-20 10:02:19 139832929807400 [Note] InnoDB: Initializing buffer pool, size = 128.0M
2016-07-20 10:02:19 139832929807400 [Note] InnoDB: Completed initialization of buffer pool
2016-07-20 10:02:19 139832929807400 [Note] InnoDB: Highest supported file format is Barracuda.
2016-07-20 10:02:19 139832929807400 [Note] InnoDB: The log sequence numbers 1616829 and 1616829 in ibdata files do not match the log sequence number 1660845 in the ib_logfiles!
2016-07-20 10:02:19 139832929807400 [Note] InnoDB: Database was not shutdown normally!
2016-07-20 10:02:19 139832929807400 [Note] InnoDB: Starting crash recovery.
2016-07-20 10:02:19 139832929807400 [Note] InnoDB: Reading tablespace information from the .ibd files...
2016-07-20 10:02:19 139832929807400 [Note] InnoDB: Restoring possible half-written data pages 
2016-07-20 10:02:19 139832929807400 [Note] InnoDB: from the doublewrite buffer...
2016-07-20 10:02:20 139832929807400 [Note] InnoDB: 128 rollback segment(s) are active.
2016-07-20 10:02:20 139832929807400 [Note] InnoDB: Waiting for purge to start
2016-07-20 10:02:20 139832929807400 [Note] InnoDB:  Percona XtraDB (http://www.percona.com) 5.6.28-76.1 started; log sequence number 1660845
2016-07-20 10:02:20 139832696801968 [Note] InnoDB: Dumping buffer pool(s) not yet started
2016-07-20 10:02:20 139832929807400 [Note] Plugin 'FEEDBACK' is disabled.
2016-07-20 10:02:20 139832929807400 [Note] Recovering after a crash using tc.log
2016-07-20 10:02:20 139832929807400 [Note] Starting crash recovery...
2016-07-20 10:02:20 139832929807400 [Note] Crash recovery finished.
2016-07-20 10:02:20 139832929807400 [Note] Server socket created on IP: '0.0.0.0'.
2016-07-20 10:02:20 139832929807400 [Note] /usr/bin/mysqld: ready for connections.
Version: '10.1.12-MariaDB'  socket: '/var/run/mysqld/mysqld.sock'  port: 3306  MariaDB Server
160720 10:03:17 mysqld_safe Starting mysqld daemon with databases from /var/lib/mysql
2016-07-20 10:03:18 139732566404136 [Note] Using unique option prefix 'key_buffer' is error-prone and can break in the future. Please use the full name 'key_buffer_size' instead.
2016-07-20 10:03:18 139732566404136 [Note] /usr/bin/mysqld (mysqld 10.1.12-MariaDB) starting as process 139 ...
2016-07-20 10:03:18 139732566404136 [Note] Using unique option prefix 'myisam-recover' is error-prone and can break in the future. Please use the full name 'myisam-recover-options' instead.
2016-07-20 10:03:18 139732566404136 [Note] InnoDB: Using mutexes to ref count buffer pool pages
2016-07-20 10:03:18 139732566404136 [Note] InnoDB: The InnoDB memory heap is disabled
2016-07-20 10:03:18 139732566404136 [Note] InnoDB: Mutexes and rw_locks use GCC atomic builtins
2016-07-20 10:03:18 139732566404136 [Note] InnoDB: Memory barrier is not used
2016-07-20 10:03:18 139732566404136 [Note] InnoDB: Compressed tables use zlib 1.2.8
2016-07-20 10:03:18 139732566404136 [Note] InnoDB: Using Linux native AIO
2016-07-20 10:03:18 139732566404136 [Note] InnoDB: Using SSE crc32 instructions
2016-07-20 10:03:18 139732566404136 [Note] InnoDB: Initializing buffer pool, size = 128.0M
2016-07-20 10:03:18 139732566404136 [Note] InnoDB: Completed initialization of buffer pool
2016-07-20 10:03:18 139732566404136 [Note] InnoDB: Highest supported file format is Barracuda.
2016-07-20 10:03:18 139732566404136 [Note] InnoDB: The log sequence numbers 1616829 and 1616829 in ibdata files do not match the log sequence number 1660855 in the ib_logfiles!
2016-07-20 10:03:18 139732566404136 [Note] InnoDB: Database was not shutdown normally!
2016-07-20 10:03:18 139732566404136 [Note] InnoDB: Starting crash recovery.
2016-07-20 10:03:18 139732566404136 [Note] InnoDB: Reading tablespace information from the .ibd files...
2016-07-20 10:03:18 139732566404136 [Note] InnoDB: Restoring possible half-written data pages 
2016-07-20 10:03:18 139732566404136 [Note] InnoDB: from the doublewrite buffer...
2016-07-20 10:03:18 139732566404136 [Note] InnoDB: 128 rollback segment(s) are active.
2016-07-20 10:03:18 139732566404136 [Note] InnoDB: Waiting for purge to start
2016-07-20 10:03:18 139732566404136 [Note] InnoDB:  Percona XtraDB (http://www.percona.com) 5.6.28-76.1 started; log sequence number 1660855
2016-07-20 10:03:19 139732333398704 [Note] InnoDB: Dumping buffer pool(s) not yet started
2016-07-20 10:03:19 139732566404136 [Note] Plugin 'FEEDBACK' is disabled.
2016-07-20 10:03:19 139732566404136 [Note] Recovering after a crash using tc.log
2016-07-20 10:03:19 139732566404136 [Note] Starting crash recovery...
2016-07-20 10:03:19 139732566404136 [Note] Crash recovery finished.
2016-07-20 10:03:19 139732566404136 [Note] Server socket created on IP: '0.0.0.0'.
2016-07-20 10:03:19 139732566404136 [Note] /usr/bin/mysqld: ready for connections.
Version: '10.1.12-MariaDB'  socket: '/var/run/mysqld/mysqld.sock'  port: 3306  MariaDB Server
160720 10:36:16 mysqld_safe Starting mysqld daemon with databases from /var/lib/mysql
2016-07-20 10:36:20 140651408714792 [Note] Using unique option prefix 'key_buffer' is error-prone and can break in the future. Please use the full name 'key_buffer_size' instead.
2016-07-20 10:36:20 140651408714792 [Note] /usr/bin/mysqld (mysqld 10.1.12-MariaDB) starting as process 139 ...
2016-07-20 10:36:21 140651408714792 [Note] Using unique option prefix 'myisam-recover' is error-prone and can break in the future. Please use the full name 'myisam-recover-options' instead.
2016-07-20 10:36:21 140651408714792 [Note] InnoDB: Using mutexes to ref count buffer pool pages
2016-07-20 10:36:21 140651408714792 [Note] InnoDB: The InnoDB memory heap is disabled
2016-07-20 10:36:21 140651408714792 [Note] InnoDB: Mutexes and rw_locks use GCC atomic builtins
2016-07-20 10:36:21 140651408714792 [Note] InnoDB: Memory barrier is not used
2016-07-20 10:36:21 140651408714792 [Note] InnoDB: Compressed tables use zlib 1.2.8
2016-07-20 10:36:21 140651408714792 [Note] InnoDB: Using Linux native AIO
2016-07-20 10:36:21 140651408714792 [Note] InnoDB: Using SSE crc32 instructions
2016-07-20 10:36:21 140651408714792 [Note] InnoDB: Initializing buffer pool, size = 128.0M
2016-07-20 10:36:21 140651408714792 [Note] InnoDB: Completed initialization of buffer pool
2016-07-20 10:36:21 140651408714792 [Note] InnoDB: Highest supported file format is Barracuda.
2016-07-20 10:36:21 140651408714792 [Note] InnoDB: The log sequence numbers 1616829 and 1616829 in ibdata files do not match the log sequence number 1660865 in the ib_logfiles!
2016-07-20 10:36:21 140651408714792 [Note] InnoDB: Database was not shutdown normally!
2016-07-20 10:36:21 140651408714792 [Note] InnoDB: Starting crash recovery.
2016-07-20 10:36:21 140651408714792 [Note] InnoDB: Reading tablespace information from the .ibd files...
2016-07-20 10:36:21 140651408714792 [Note] InnoDB: Restoring possible half-written data pages 
2016-07-20 10:36:21 140651408714792 [Note] InnoDB: from the doublewrite buffer...
2016-07-20 10:36:21 140651408714792 [Note] InnoDB: 128 rollback segment(s) are active.
2016-07-20 10:36:21 140651408714792 [Note] InnoDB: Waiting for purge to start
2016-07-20 10:36:21 140651408714792 [Note] InnoDB:  Percona XtraDB (http://www.percona.com) 5.6.28-76.1 started; log sequence number 1660865
2016-07-20 10:36:22 140651175709360 [Note] InnoDB: Dumping buffer pool(s) not yet started
2016-07-20 10:36:22 140651408714792 [Note] Plugin 'FEEDBACK' is disabled.
2016-07-20 10:36:22 140651408714792 [Note] Recovering after a crash using tc.log
2016-07-20 10:36:22 140651408714792 [Note] Starting crash recovery...
2016-07-20 10:36:22 140651408714792 [Note] Crash recovery finished.
2016-07-20 10:36:23 140651408714792 [Note] Server socket created on IP: '0.0.0.0'.
2016-07-20 10:36:23 140651408714792 [Note] /usr/bin/mysqld: ready for connections.
Version: '10.1.12-MariaDB'  socket: '/var/run/mysqld/mysqld.sock'  port: 3306  MariaDB Server
160723 20:28:53 mysqld_safe Starting mysqld daemon with databases from /var/lib/mysql
2016-07-23 20:28:56 140666560736296 [Note] Using unique option prefix 'key_buffer' is error-prone and can break in the future. Please use the full name 'key_buffer_size' instead.
2016-07-23 20:28:56 140666560736296 [Note] /usr/bin/mysqld (mysqld 10.1.12-MariaDB) starting as process 139 ...
2016-07-23 20:28:57 140666560736296 [Note] Using unique option prefix 'myisam-recover' is error-prone and can break in the future. Please use the full name 'myisam-recover-options' instead.
2016-07-23 20:28:58 140666560736296 [Note] InnoDB: Using mutexes to ref count buffer pool pages
2016-07-23 20:28:58 140666560736296 [Note] InnoDB: The InnoDB memory heap is disabled
2016-07-23 20:28:58 140666560736296 [Note] InnoDB: Mutexes and rw_locks use GCC atomic builtins
2016-07-23 20:28:58 140666560736296 [Note] InnoDB: Memory barrier is not used
2016-07-23 20:28:58 140666560736296 [Note] InnoDB: Compressed tables use zlib 1.2.8
2016-07-23 20:28:58 140666560736296 [Note] InnoDB: Using Linux native AIO
2016-07-23 20:28:58 140666560736296 [Note] InnoDB: Using SSE crc32 instructions
2016-07-23 20:28:58 140666560736296 [Note] InnoDB: Initializing buffer pool, size = 128.0M
2016-07-23 20:28:58 140666560736296 [Note] InnoDB: Completed initialization of buffer pool
2016-07-23 20:28:59 140666560736296 [Note] InnoDB: Highest supported file format is Barracuda.
2016-07-23 20:28:59 140666560736296 [Note] InnoDB: The log sequence numbers 1616829 and 1616829 in ibdata files do not match the log sequence number 1660875 in the ib_logfiles!
2016-07-23 20:28:59 140666560736296 [Note] InnoDB: Database was not shutdown normally!
2016-07-23 20:28:59 140666560736296 [Note] InnoDB: Starting crash recovery.
2016-07-23 20:28:59 140666560736296 [Note] InnoDB: Reading tablespace information from the .ibd files...
2016-07-23 20:28:59 140666560736296 [Note] InnoDB: Restoring possible half-written data pages 
2016-07-23 20:28:59 140666560736296 [Note] InnoDB: from the doublewrite buffer...
2016-07-23 20:29:00 140666560736296 [Note] InnoDB: 128 rollback segment(s) are active.
2016-07-23 20:29:00 140666560736296 [Note] InnoDB: Waiting for purge to start
2016-07-23 20:29:00 140666560736296 [Note] InnoDB:  Percona XtraDB (http://www.percona.com) 5.6.28-76.1 started; log sequence number 1660875
2016-07-23 20:29:01 140666327730864 [Note] InnoDB: Dumping buffer pool(s) not yet started
2016-07-23 20:29:01 140666560736296 [Note] Plugin 'FEEDBACK' is disabled.
2016-07-23 20:29:01 140666560736296 [Note] Recovering after a crash using tc.log
2016-07-23 20:29:01 140666560736296 [Note] Starting crash recovery...
2016-07-23 20:29:01 140666560736296 [Note] Crash recovery finished.
2016-07-23 20:29:01 140666560736296 [Note] Server socket created on IP: '0.0.0.0'.
2016-07-23 20:29:03 140666560736296 [Note] /usr/bin/mysqld: ready for connections.
Version: '10.1.12-MariaDB'  socket: '/var/run/mysqld/mysqld.sock'  port: 3306  MariaDB Server
160720 12:48:15 mysqld_safe Starting mysqld daemon with databases from /var/lib/mysql
2016-07-20 12:48:20 139827662580776 [Note] Using unique option prefix 'key_buffer' is error-prone and can break in the future. Please use the full name 'key_buffer_size' instead.
2016-07-20 12:48:20 139827662580776 [Note] /usr/bin/mysqld (mysqld 10.1.12-MariaDB) starting as process 139 ...
2016-07-20 12:48:20 139827662580776 [Note] Using unique option prefix 'myisam-recover' is error-prone and can break in the future. Please use the full name 'myisam-recover-options' instead.
2016-07-20 12:48:21 139827662580776 [Note] InnoDB: Using mutexes to ref count buffer pool pages
2016-07-20 12:48:21 139827662580776 [Note] InnoDB: The InnoDB memory heap is disabled
2016-07-20 12:48:21 139827662580776 [Note] InnoDB: Mutexes and rw_locks use GCC atomic builtins
2016-07-20 12:48:21 139827662580776 [Note] InnoDB: Memory barrier is not used
2016-07-20 12:48:21 139827662580776 [Note] InnoDB: Compressed tables use zlib 1.2.8
2016-07-20 12:48:21 139827662580776 [Note] InnoDB: Using Linux native AIO
2016-07-20 12:48:21 139827662580776 [Note] InnoDB: Using SSE crc32 instructions
2016-07-20 12:48:21 139827662580776 [Note] InnoDB: Initializing buffer pool, size = 128.0M
2016-07-20 12:48:21 139827662580776 [Note] InnoDB: Completed initialization of buffer pool
2016-07-20 12:48:21 139827662580776 [Note] InnoDB: Highest supported file format is Barracuda.
2016-07-20 12:48:21 139827662580776 [Note] InnoDB: The log sequence numbers 1616829 and 1616829 in ibdata files do not match the log sequence number 1661237 in the ib_logfiles!
2016-07-20 12:48:21 139827662580776 [Note] InnoDB: Database was not shutdown normally!
2016-07-20 12:48:21 139827662580776 [Note] InnoDB: Starting crash recovery.
2016-07-20 12:48:21 139827662580776 [Note] InnoDB: Reading tablespace information from the .ibd files...
2016-07-20 12:48:21 139827662580776 [Note] InnoDB: Restoring possible half-written data pages 
2016-07-20 12:48:21 139827662580776 [Note] InnoDB: from the doublewrite buffer...
2016-07-20 12:48:23 139827662580776 [Note] InnoDB: 128 rollback segment(s) are active.
2016-07-20 12:48:23 139827662580776 [Note] InnoDB: Waiting for purge to start
2016-07-20 12:48:23 139827662580776 [Note] InnoDB:  Percona XtraDB (http://www.percona.com) 5.6.28-76.1 started; log sequence number 1661237
2016-07-20 12:48:23 139827429575344 [Note] InnoDB: Dumping buffer pool(s) not yet started
2016-07-20 12:48:23 139827662580776 [Note] Plugin 'FEEDBACK' is disabled.
2016-07-20 12:48:23 139827662580776 [Note] Recovering after a crash using tc.log
2016-07-20 12:48:24 139827662580776 [Note] Starting crash recovery...
2016-07-20 12:48:24 139827662580776 [Note] Crash recovery finished.
2016-07-20 12:48:24 139827662580776 [Note] Server socket created on IP: '0.0.0.0'.
2016-07-20 12:48:24 139827662580776 [Note] /usr/bin/mysqld: ready for connections.
Version: '10.1.12-MariaDB'  socket: '/var/run/mysqld/mysqld.sock'  port: 3306  MariaDB Server
160720 13:01:18 mysqld_safe Starting mysqld daemon with databases from /var/lib/mysql
2016-07-20 13:01:18 139871343832104 [Note] Using unique option prefix 'key_buffer' is error-prone and can break in the future. Please use the full name 'key_buffer_size' instead.
2016-07-20 13:01:18 139871343832104 [Note] /usr/bin/mysqld (mysqld 10.1.12-MariaDB) starting as process 138 ...
2016-07-20 13:01:18 139871343832104 [Note] Using unique option prefix 'myisam-recover' is error-prone and can break in the future. Please use the full name 'myisam-recover-options' instead.
2016-07-20 13:01:19 139871343832104 [Note] InnoDB: Using mutexes to ref count buffer pool pages
2016-07-20 13:01:19 139871343832104 [Note] InnoDB: The InnoDB memory heap is disabled
2016-07-20 13:01:19 139871343832104 [Note] InnoDB: Mutexes and rw_locks use GCC atomic builtins
2016-07-20 13:01:19 139871343832104 [Note] InnoDB: Memory barrier is not used
2016-07-20 13:01:19 139871343832104 [Note] InnoDB: Compressed tables use zlib 1.2.8
2016-07-20 13:01:19 139871343832104 [Note] InnoDB: Using Linux native AIO
2016-07-20 13:01:19 139871343832104 [Note] InnoDB: Using SSE crc32 instructions
2016-07-20 13:01:19 139871343832104 [Note] InnoDB: Initializing buffer pool, size = 128.0M
2016-07-20 13:01:19 139871343832104 [Note] InnoDB: Completed initialization of buffer pool
2016-07-20 13:01:19 139871343832104 [Note] InnoDB: Highest supported file format is Barracuda.
2016-07-20 13:01:19 139871343832104 [Note] InnoDB: The log sequence numbers 1616829 and 1616829 in ibdata files do not match the log sequence number 1661247 in the ib_logfiles!
2016-07-20 13:01:19 139871343832104 [Note] InnoDB: Database was not shutdown normally!
2016-07-20 13:01:19 139871343832104 [Note] InnoDB: Starting crash recovery.
2016-07-20 13:01:19 139871343832104 [Note] InnoDB: Reading tablespace information from the .ibd files...
2016-07-20 13:01:19 139871343832104 [Note] InnoDB: Restoring possible half-written data pages 
2016-07-20 13:01:19 139871343832104 [Note] InnoDB: from the doublewrite buffer...
2016-07-20 13:01:19 139871343832104 [Note] InnoDB: 128 rollback segment(s) are active.
2016-07-20 13:01:19 139871343832104 [Note] InnoDB: Waiting for purge to start
2016-07-20 13:01:19 139871343832104 [Note] InnoDB:  Percona XtraDB (http://www.percona.com) 5.6.28-76.1 started; log sequence number 1661247
2016-07-20 13:01:19 139871110826672 [Note] InnoDB: Dumping buffer pool(s) not yet started
2016-07-20 13:01:20 139871343832104 [Note] Plugin 'FEEDBACK' is disabled.
2016-07-20 13:01:20 139871343832104 [Note] Recovering after a crash using tc.log
2016-07-20 13:01:20 139871343832104 [Note] Starting crash recovery...
2016-07-20 13:01:20 139871343832104 [Note] Crash recovery finished.
2016-07-20 13:01:20 139871343832104 [Note] Server socket created on IP: '0.0.0.0'.
2016-07-20 13:01:20 139871343832104 [Note] /usr/bin/mysqld: ready for connections.
Version: '10.1.12-MariaDB'  socket: '/var/run/mysqld/mysqld.sock'  port: 3306  MariaDB Server
160720 13:15:24 mysqld_safe Starting mysqld daemon with databases from /var/lib/mysql
2016-07-20 13:15:24 140351633091624 [Note] Using unique option prefix 'key_buffer' is error-prone and can break in the future. Please use the full name 'key_buffer_size' instead.
2016-07-20 13:15:24 140351633091624 [Note] /usr/bin/mysqld (mysqld 10.1.12-MariaDB) starting as process 144 ...
2016-07-20 13:15:24 140351633091624 [Note] Using unique option prefix 'myisam-recover' is error-prone and can break in the future. Please use the full name 'myisam-recover-options' instead.
2016-07-20 13:15:24 140351633091624 [Note] InnoDB: Using mutexes to ref count buffer pool pages
2016-07-20 13:15:24 140351633091624 [Note] InnoDB: The InnoDB memory heap is disabled
2016-07-20 13:15:24 140351633091624 [Note] InnoDB: Mutexes and rw_locks use GCC atomic builtins
2016-07-20 13:15:24 140351633091624 [Note] InnoDB: Memory barrier is not used
2016-07-20 13:15:24 140351633091624 [Note] InnoDB: Compressed tables use zlib 1.2.8
2016-07-20 13:15:24 140351633091624 [Note] InnoDB: Using Linux native AIO
2016-07-20 13:15:24 140351633091624 [Note] InnoDB: Using SSE crc32 instructions
2016-07-20 13:15:24 140351633091624 [Note] InnoDB: Initializing buffer pool, size = 128.0M
2016-07-20 13:15:24 140351633091624 [Note] InnoDB: Completed initialization of buffer pool
2016-07-20 13:15:24 140351633091624 [Note] InnoDB: Highest supported file format is Barracuda.
2016-07-20 13:15:24 140351633091624 [Note] InnoDB: The log sequence numbers 1616829 and 1616829 in ibdata files do not match the log sequence number 1661257 in the ib_logfiles!
2016-07-20 13:15:24 140351633091624 [Note] InnoDB: Database was not shutdown normally!
2016-07-20 13:15:24 140351633091624 [Note] InnoDB: Starting crash recovery.
2016-07-20 13:15:24 140351633091624 [Note] InnoDB: Reading tablespace information from the .ibd files...
2016-07-20 13:15:24 140351633091624 [Note] InnoDB: Restoring possible half-written data pages 
2016-07-20 13:15:24 140351633091624 [Note] InnoDB: from the doublewrite buffer...
2016-07-20 13:15:25 140351633091624 [Note] InnoDB: 128 rollback segment(s) are active.
2016-07-20 13:15:25 140351633091624 [Note] InnoDB: Waiting for purge to start
2016-07-20 13:15:25 140351633091624 [Note] InnoDB:  Percona XtraDB (http://www.percona.com) 5.6.28-76.1 started; log sequence number 1661257
2016-07-20 13:15:25 140351400086192 [Note] InnoDB: Dumping buffer pool(s) not yet started
2016-07-20 13:15:25 140351633091624 [Note] Plugin 'FEEDBACK' is disabled.
2016-07-20 13:15:25 140351633091624 [Note] Recovering after a crash using tc.log
2016-07-20 13:15:25 140351633091624 [Note] Starting crash recovery...
2016-07-20 13:15:25 140351633091624 [Note] Crash recovery finished.
2016-07-20 13:15:25 140351633091624 [Note] Server socket created on IP: '0.0.0.0'.
2016-07-20 13:15:25 140351633091624 [Note] /usr/bin/mysqld: ready for connections.
Version: '10.1.12-MariaDB'  socket: '/var/run/mysqld/mysqld.sock'  port: 3306  MariaDB Server
160720 13:17:38 mysqld_safe Starting mysqld daemon with databases from /var/lib/mysql
2016-07-20 13:17:38 140200456186920 [Note] Using unique option prefix 'key_buffer' is error-prone and can break in the future. Please use the full name 'key_buffer_size' instead.
2016-07-20 13:17:38 140200456186920 [Note] /usr/bin/mysqld (mysqld 10.1.12-MariaDB) starting as process 138 ...
2016-07-20 13:17:38 140200456186920 [Note] Using unique option prefix 'myisam-recover' is error-prone and can break in the future. Please use the full name 'myisam-recover-options' instead.
2016-07-20 13:17:38 140200456186920 [Note] InnoDB: Using mutexes to ref count buffer pool pages
2016-07-20 13:17:38 140200456186920 [Note] InnoDB: The InnoDB memory heap is disabled
2016-07-20 13:17:38 140200456186920 [Note] InnoDB: Mutexes and rw_locks use GCC atomic builtins
2016-07-20 13:17:38 140200456186920 [Note] InnoDB: Memory barrier is not used
2016-07-20 13:17:38 140200456186920 [Note] InnoDB: Compressed tables use zlib 1.2.8
2016-07-20 13:17:38 140200456186920 [Note] InnoDB: Using Linux native AIO
2016-07-20 13:17:38 140200456186920 [Note] InnoDB: Using SSE crc32 instructions
2016-07-20 13:17:38 140200456186920 [Note] InnoDB: Initializing buffer pool, size = 128.0M
2016-07-20 13:17:38 140200456186920 [Note] InnoDB: Completed initialization of buffer pool
2016-07-20 13:17:38 140200456186920 [Note] InnoDB: Highest supported file format is Barracuda.
2016-07-20 13:17:38 140200456186920 [Note] InnoDB: The log sequence numbers 1616829 and 1616829 in ibdata files do not match the log sequence number 1661267 in the ib_logfiles!
2016-07-20 13:17:38 140200456186920 [Note] InnoDB: Database was not shutdown normally!
2016-07-20 13:17:38 140200456186920 [Note] InnoDB: Starting crash recovery.
2016-07-20 13:17:38 140200456186920 [Note] InnoDB: Reading tablespace information from the .ibd files...
2016-07-20 13:17:38 140200456186920 [Note] InnoDB: Restoring possible half-written data pages 
2016-07-20 13:17:38 140200456186920 [Note] InnoDB: from the doublewrite buffer...
2016-07-20 13:17:39 140200456186920 [Note] InnoDB: 128 rollback segment(s) are active.
2016-07-20 13:17:39 140200456186920 [Note] InnoDB: Waiting for purge to start
2016-07-20 13:17:39 140200456186920 [Note] InnoDB:  Percona XtraDB (http://www.percona.com) 5.6.28-76.1 started; log sequence number 1661267
2016-07-20 13:17:39 140200223181488 [Note] InnoDB: Dumping buffer pool(s) not yet started
2016-07-20 13:17:39 140200456186920 [Note] Plugin 'FEEDBACK' is disabled.
2016-07-20 13:17:39 140200456186920 [Note] Recovering after a crash using tc.log
2016-07-20 13:17:39 140200456186920 [Note] Starting crash recovery...
2016-07-20 13:17:39 140200456186920 [Note] Crash recovery finished.
2016-07-20 13:17:39 140200456186920 [Note] Server socket created on IP: '0.0.0.0'.
2016-07-20 13:17:39 140200456186920 [Note] /usr/bin/mysqld: ready for connections.
Version: '10.1.12-MariaDB'  socket: '/var/run/mysqld/mysqld.sock'  port: 3306  MariaDB Server
160720 13:31:22 mysqld_safe Starting mysqld daemon with databases from /var/lib/mysql
2016-07-20 13:31:22 139666281688104 [Note] Using unique option prefix 'key_buffer' is error-prone and can break in the future. Please use the full name 'key_buffer_size' instead.
2016-07-20 13:31:22 139666281688104 [Note] /usr/bin/mysqld (mysqld 10.1.12-MariaDB) starting as process 138 ...
2016-07-20 13:31:22 139666281688104 [Note] Using unique option prefix 'myisam-recover' is error-prone and can break in the future. Please use the full name 'myisam-recover-options' instead.
2016-07-20 13:31:22 139666281688104 [Note] InnoDB: Using mutexes to ref count buffer pool pages
2016-07-20 13:31:22 139666281688104 [Note] InnoDB: The InnoDB memory heap is disabled
2016-07-20 13:31:22 139666281688104 [Note] InnoDB: Mutexes and rw_locks use GCC atomic builtins
2016-07-20 13:31:22 139666281688104 [Note] InnoDB: Memory barrier is not used
2016-07-20 13:31:22 139666281688104 [Note] InnoDB: Compressed tables use zlib 1.2.8
2016-07-20 13:31:22 139666281688104 [Note] InnoDB: Using Linux native AIO
2016-07-20 13:31:22 139666281688104 [Note] InnoDB: Using SSE crc32 instructions
2016-07-20 13:31:22 139666281688104 [Note] InnoDB: Initializing buffer pool, size = 128.0M
2016-07-20 13:31:22 139666281688104 [Note] InnoDB: Completed initialization of buffer pool
2016-07-20 13:31:22 139666281688104 [Note] InnoDB: Highest supported file format is Barracuda.
2016-07-20 13:31:22 139666281688104 [Note] InnoDB: The log sequence numbers 1616829 and 1616829 in ibdata files do not match the log sequence number 1661277 in the ib_logfiles!
2016-07-20 13:31:22 139666281688104 [Note] InnoDB: Database was not shutdown normally!
2016-07-20 13:31:22 139666281688104 [Note] InnoDB: Starting crash recovery.
2016-07-20 13:31:22 139666281688104 [Note] InnoDB: Reading tablespace information from the .ibd files...
2016-07-20 13:31:22 139666281688104 [Note] InnoDB: Restoring possible half-written data pages 
2016-07-20 13:31:22 139666281688104 [Note] InnoDB: from the doublewrite buffer...
2016-07-20 13:31:22 139666281688104 [Note] InnoDB: 128 rollback segment(s) are active.
2016-07-20 13:31:22 139666281688104 [Note] InnoDB: Waiting for purge to start
2016-07-20 13:31:22 139666281688104 [Note] InnoDB:  Percona XtraDB (http://www.percona.com) 5.6.28-76.1 started; log sequence number 1661277
2016-07-20 13:31:23 139666048682672 [Note] InnoDB: Dumping buffer pool(s) not yet started
2016-07-20 13:31:23 139666281688104 [Note] Plugin 'FEEDBACK' is disabled.
2016-07-20 13:31:23 139666281688104 [Note] Recovering after a crash using tc.log
2016-07-20 13:31:23 139666281688104 [Note] Starting crash recovery...
2016-07-20 13:31:23 139666281688104 [Note] Crash recovery finished.
2016-07-20 13:31:23 139666281688104 [Note] Server socket created on IP: '0.0.0.0'.
2016-07-20 13:31:23 139666281688104 [Note] /usr/bin/mysqld: ready for connections.
Version: '10.1.12-MariaDB'  socket: '/var/run/mysqld/mysqld.sock'  port: 3306  MariaDB Server
160720 13:34:22 mysqld_safe Starting mysqld daemon with databases from /var/lib/mysql
2016-07-20 13:34:22 140279430114344 [Note] Using unique option prefix 'key_buffer' is error-prone and can break in the future. Please use the full name 'key_buffer_size' instead.
2016-07-20 13:34:22 140279430114344 [Note] /usr/bin/mysqld (mysqld 10.1.12-MariaDB) starting as process 140 ...
2016-07-20 13:34:22 140279430114344 [Note] Using unique option prefix 'myisam-recover' is error-prone and can break in the future. Please use the full name 'myisam-recover-options' instead.
2016-07-20 13:34:22 140279430114344 [Note] InnoDB: Using mutexes to ref count buffer pool pages
2016-07-20 13:34:22 140279430114344 [Note] InnoDB: The InnoDB memory heap is disabled
2016-07-20 13:34:22 140279430114344 [Note] InnoDB: Mutexes and rw_locks use GCC atomic builtins
2016-07-20 13:34:22 140279430114344 [Note] InnoDB: Memory barrier is not used
2016-07-20 13:34:22 140279430114344 [Note] InnoDB: Compressed tables use zlib 1.2.8
2016-07-20 13:34:22 140279430114344 [Note] InnoDB: Using Linux native AIO
2016-07-20 13:34:22 140279430114344 [Note] InnoDB: Using SSE crc32 instructions
2016-07-20 13:34:22 140279430114344 [Note] InnoDB: Initializing buffer pool, size = 128.0M
2016-07-20 13:34:22 140279430114344 [Note] InnoDB: Completed initialization of buffer pool
2016-07-20 13:34:22 140279430114344 [Note] InnoDB: Highest supported file format is Barracuda.
2016-07-20 13:34:22 140279430114344 [Note] InnoDB: The log sequence numbers 1616829 and 1616829 in ibdata files do not match the log sequence number 1661287 in the ib_logfiles!
2016-07-20 13:34:22 140279430114344 [Note] InnoDB: Database was not shutdown normally!
2016-07-20 13:34:22 140279430114344 [Note] InnoDB: Starting crash recovery.
2016-07-20 13:34:22 140279430114344 [Note] InnoDB: Reading tablespace information from the .ibd files...
2016-07-20 13:34:22 140279430114344 [Note] InnoDB: Restoring possible half-written data pages 
2016-07-20 13:34:22 140279430114344 [Note] InnoDB: from the doublewrite buffer...
2016-07-20 13:34:22 140279430114344 [Note] InnoDB: 128 rollback segment(s) are active.
2016-07-20 13:34:22 140279430114344 [Note] InnoDB: Waiting for purge to start
2016-07-20 13:34:22 140279430114344 [Note] InnoDB:  Percona XtraDB (http://www.percona.com) 5.6.28-76.1 started; log sequence number 1661287
2016-07-20 13:34:23 140279197108912 [Note] InnoDB: Dumping buffer pool(s) not yet started
2016-07-20 13:34:23 140279430114344 [Note] Plugin 'FEEDBACK' is disabled.
2016-07-20 13:34:23 140279430114344 [Note] Recovering after a crash using tc.log
2016-07-20 13:34:23 140279430114344 [Note] Starting crash recovery...
2016-07-20 13:34:23 140279430114344 [Note] Crash recovery finished.
2016-07-20 13:34:23 140279430114344 [Note] Server socket created on IP: '0.0.0.0'.
2016-07-20 13:34:23 140279430114344 [Note] /usr/bin/mysqld: ready for connections.
Version: '10.1.12-MariaDB'  socket: '/var/run/mysqld/mysqld.sock'  port: 3306  MariaDB Server
160720 13:41:26 mysqld_safe Starting mysqld daemon with databases from /var/lib/mysql
2016-07-20 13:41:27 140654744005672 [Note] Using unique option prefix 'key_buffer' is error-prone and can break in the future. Please use the full name 'key_buffer_size' instead.
2016-07-20 13:41:27 140654744005672 [Note] /usr/bin/mysqld (mysqld 10.1.12-MariaDB) starting as process 140 ...
2016-07-20 13:41:27 140654744005672 [Note] Using unique option prefix 'myisam-recover' is error-prone and can break in the future. Please use the full name 'myisam-recover-options' instead.
2016-07-20 13:41:27 140654744005672 [Note] InnoDB: Using mutexes to ref count buffer pool pages
2016-07-20 13:41:27 140654744005672 [Note] InnoDB: The InnoDB memory heap is disabled
2016-07-20 13:41:27 140654744005672 [Note] InnoDB: Mutexes and rw_locks use GCC atomic builtins
2016-07-20 13:41:27 140654744005672 [Note] InnoDB: Memory barrier is not used
2016-07-20 13:41:27 140654744005672 [Note] InnoDB: Compressed tables use zlib 1.2.8
2016-07-20 13:41:27 140654744005672 [Note] InnoDB: Using Linux native AIO
2016-07-20 13:41:27 140654744005672 [Note] InnoDB: Using SSE crc32 instructions
2016-07-20 13:41:27 140654744005672 [Note] InnoDB: Initializing buffer pool, size = 128.0M
2016-07-20 13:41:27 140654744005672 [Note] InnoDB: Completed initialization of buffer pool
2016-07-20 13:41:27 140654744005672 [Note] InnoDB: Highest supported file format is Barracuda.
2016-07-20 13:41:27 140654744005672 [Note] InnoDB: The log sequence numbers 1616829 and 1616829 in ibdata files do not match the log sequence number 1661297 in the ib_logfiles!
2016-07-20 13:41:27 140654744005672 [Note] InnoDB: Database was not shutdown normally!
2016-07-20 13:41:27 140654744005672 [Note] InnoDB: Starting crash recovery.
2016-07-20 13:41:27 140654744005672 [Note] InnoDB: Reading tablespace information from the .ibd files...
2016-07-20 13:41:27 140654744005672 [Note] InnoDB: Restoring possible half-written data pages 
2016-07-20 13:41:27 140654744005672 [Note] InnoDB: from the doublewrite buffer...
2016-07-20 13:41:27 140654744005672 [Note] InnoDB: 128 rollback segment(s) are active.
2016-07-20 13:41:27 140654744005672 [Note] InnoDB: Waiting for purge to start
2016-07-20 13:41:27 140654744005672 [Note] InnoDB:  Percona XtraDB (http://www.percona.com) 5.6.28-76.1 started; log sequence number 1661297
2016-07-20 13:41:28 140654511000240 [Note] InnoDB: Dumping buffer pool(s) not yet started
2016-07-20 13:41:28 140654744005672 [Note] Plugin 'FEEDBACK' is disabled.
2016-07-20 13:41:28 140654744005672 [Note] Recovering after a crash using tc.log
2016-07-20 13:41:28 140654744005672 [Note] Starting crash recovery...
2016-07-20 13:41:28 140654744005672 [Note] Crash recovery finished.
2016-07-20 13:41:28 140654744005672 [Note] Server socket created on IP: '0.0.0.0'.
2016-07-20 13:41:28 140654744005672 [Note] /usr/bin/mysqld: ready for connections.
Version: '10.1.12-MariaDB'  socket: '/var/run/mysqld/mysqld.sock'  port: 3306  MariaDB Server
160720 13:45:40 mysqld_safe Starting mysqld daemon with databases from /var/lib/mysql
2016-07-20 13:45:40 140354259053608 [Note] Using unique option prefix 'key_buffer' is error-prone and can break in the future. Please use the full name 'key_buffer_size' instead.
2016-07-20 13:45:40 140354259053608 [Note] /usr/bin/mysqld (mysqld 10.1.12-MariaDB) starting as process 139 ...
2016-07-20 13:45:40 140354259053608 [Note] Using unique option prefix 'myisam-recover' is error-prone and can break in the future. Please use the full name 'myisam-recover-options' instead.
2016-07-20 13:45:41 140354259053608 [Note] InnoDB: Using mutexes to ref count buffer pool pages
2016-07-20 13:45:41 140354259053608 [Note] InnoDB: The InnoDB memory heap is disabled
2016-07-20 13:45:41 140354259053608 [Note] InnoDB: Mutexes and rw_locks use GCC atomic builtins
2016-07-20 13:45:41 140354259053608 [Note] InnoDB: Memory barrier is not used
2016-07-20 13:45:41 140354259053608 [Note] InnoDB: Compressed tables use zlib 1.2.8
2016-07-20 13:45:41 140354259053608 [Note] InnoDB: Using Linux native AIO
2016-07-20 13:45:41 140354259053608 [Note] InnoDB: Using SSE crc32 instructions
2016-07-20 13:45:41 140354259053608 [Note] InnoDB: Initializing buffer pool, size = 128.0M
2016-07-20 13:45:41 140354259053608 [Note] InnoDB: Completed initialization of buffer pool
2016-07-20 13:45:41 140354259053608 [Note] InnoDB: Highest supported file format is Barracuda.
2016-07-20 13:45:41 140354259053608 [Note] InnoDB: The log sequence numbers 1616829 and 1616829 in ibdata files do not match the log sequence number 1661307 in the ib_logfiles!
2016-07-20 13:45:41 140354259053608 [Note] InnoDB: Database was not shutdown normally!
2016-07-20 13:45:41 140354259053608 [Note] InnoDB: Starting crash recovery.
2016-07-20 13:45:41 140354259053608 [Note] InnoDB: Reading tablespace information from the .ibd files...
2016-07-20 13:45:41 140354259053608 [Note] InnoDB: Restoring possible half-written data pages 
2016-07-20 13:45:41 140354259053608 [Note] InnoDB: from the doublewrite buffer...
2016-07-20 13:45:41 140354259053608 [Note] InnoDB: 128 rollback segment(s) are active.
2016-07-20 13:45:41 140354259053608 [Note] InnoDB: Waiting for purge to start
2016-07-20 13:45:41 140354259053608 [Note] InnoDB:  Percona XtraDB (http://www.percona.com) 5.6.28-76.1 started; log sequence number 1661307
2016-07-20 13:45:41 140354026048176 [Note] InnoDB: Dumping buffer pool(s) not yet started
2016-07-20 13:45:41 140354259053608 [Note] Plugin 'FEEDBACK' is disabled.
2016-07-20 13:45:41 140354259053608 [Note] Recovering after a crash using tc.log
2016-07-20 13:45:41 140354259053608 [Note] Starting crash recovery...
2016-07-20 13:45:41 140354259053608 [Note] Crash recovery finished.
2016-07-20 13:45:41 140354259053608 [Note] Server socket created on IP: '0.0.0.0'.
2016-07-20 13:45:42 140354259053608 [Note] /usr/bin/mysqld: ready for connections.
Version: '10.1.12-MariaDB'  socket: '/var/run/mysqld/mysqld.sock'  port: 3306  MariaDB Server
160720 13:48:46 mysqld_safe Starting mysqld daemon with databases from /var/lib/mysql
2016-07-20 13:48:46 140077213936680 [Note] Using unique option prefix 'key_buffer' is error-prone and can break in the future. Please use the full name 'key_buffer_size' instead.
2016-07-20 13:48:46 140077213936680 [Note] /usr/bin/mysqld (mysqld 10.1.12-MariaDB) starting as process 139 ...
2016-07-20 13:48:46 140077213936680 [Note] Using unique option prefix 'myisam-recover' is error-prone and can break in the future. Please use the full name 'myisam-recover-options' instead.
2016-07-20 13:48:47 140077213936680 [Note] InnoDB: Using mutexes to ref count buffer pool pages
2016-07-20 13:48:47 140077213936680 [Note] InnoDB: The InnoDB memory heap is disabled
2016-07-20 13:48:47 140077213936680 [Note] InnoDB: Mutexes and rw_locks use GCC atomic builtins
2016-07-20 13:48:47 140077213936680 [Note] InnoDB: Memory barrier is not used
2016-07-20 13:48:47 140077213936680 [Note] InnoDB: Compressed tables use zlib 1.2.8
2016-07-20 13:48:47 140077213936680 [Note] InnoDB: Using Linux native AIO
2016-07-20 13:48:47 140077213936680 [Note] InnoDB: Using SSE crc32 instructions
2016-07-20 13:48:47 140077213936680 [Note] InnoDB: Initializing buffer pool, size = 128.0M
2016-07-20 13:48:47 140077213936680 [Note] InnoDB: Completed initialization of buffer pool
2016-07-20 13:48:47 140077213936680 [Note] InnoDB: Highest supported file format is Barracuda.
2016-07-20 13:48:47 140077213936680 [Note] InnoDB: The log sequence numbers 1616829 and 1616829 in ibdata files do not match the log sequence number 1661317 in the ib_logfiles!
2016-07-20 13:48:47 140077213936680 [Note] InnoDB: Database was not shutdown normally!
2016-07-20 13:48:47 140077213936680 [Note] InnoDB: Starting crash recovery.
2016-07-20 13:48:47 140077213936680 [Note] InnoDB: Reading tablespace information from the .ibd files...
2016-07-20 13:48:47 140077213936680 [Note] InnoDB: Restoring possible half-written data pages 
2016-07-20 13:48:47 140077213936680 [Note] InnoDB: from the doublewrite buffer...
2016-07-20 13:48:47 140077213936680 [Note] InnoDB: 128 rollback segment(s) are active.
2016-07-20 13:48:47 140077213936680 [Note] InnoDB: Waiting for purge to start
2016-07-20 13:48:47 140077213936680 [Note] InnoDB:  Percona XtraDB (http://www.percona.com) 5.6.28-76.1 started; log sequence number 1661317
2016-07-20 13:48:47 140076980931248 [Note] InnoDB: Dumping buffer pool(s) not yet started
2016-07-20 13:48:48 140077213936680 [Note] Plugin 'FEEDBACK' is disabled.
2016-07-20 13:48:48 140077213936680 [Note] Recovering after a crash using tc.log
2016-07-20 13:48:48 140077213936680 [Note] Starting crash recovery...
2016-07-20 13:48:48 140077213936680 [Note] Crash recovery finished.
2016-07-20 13:48:48 140077213936680 [Note] Server socket created on IP: '0.0.0.0'.
2016-07-20 13:48:48 140077213936680 [Note] /usr/bin/mysqld: ready for connections.
Version: '10.1.12-MariaDB'  socket: '/var/run/mysqld/mysqld.sock'  port: 3306  MariaDB Server
160720 13:59:34 mysqld_safe Starting mysqld daemon with databases from /var/lib/mysql
2016-07-20 13:59:36 140550540913704 [Note] Using unique option prefix 'key_buffer' is error-prone and can break in the future. Please use the full name 'key_buffer_size' instead.
2016-07-20 13:59:36 140550540913704 [Note] /usr/bin/mysqld (mysqld 10.1.12-MariaDB) starting as process 138 ...
2016-07-20 13:59:36 140550540913704 [Note] Using unique option prefix 'myisam-recover' is error-prone and can break in the future. Please use the full name 'myisam-recover-options' instead.
2016-07-20 13:59:36 140550540913704 [Note] InnoDB: Using mutexes to ref count buffer pool pages
2016-07-20 13:59:36 140550540913704 [Note] InnoDB: The InnoDB memory heap is disabled
2016-07-20 13:59:36 140550540913704 [Note] InnoDB: Mutexes and rw_locks use GCC atomic builtins
2016-07-20 13:59:36 140550540913704 [Note] InnoDB: Memory barrier is not used
2016-07-20 13:59:36 140550540913704 [Note] InnoDB: Compressed tables use zlib 1.2.8
2016-07-20 13:59:36 140550540913704 [Note] InnoDB: Using Linux native AIO
2016-07-20 13:59:36 140550540913704 [Note] InnoDB: Using SSE crc32 instructions
2016-07-20 13:59:36 140550540913704 [Note] InnoDB: Initializing buffer pool, size = 128.0M
2016-07-20 13:59:36 140550540913704 [Note] InnoDB: Completed initialization of buffer pool
2016-07-20 13:59:37 140550540913704 [Note] InnoDB: Highest supported file format is Barracuda.
2016-07-20 13:59:37 140550540913704 [Note] InnoDB: The log sequence numbers 1616829 and 1616829 in ibdata files do not match the log sequence number 1661327 in the ib_logfiles!
2016-07-20 13:59:37 140550540913704 [Note] InnoDB: Database was not shutdown normally!
2016-07-20 13:59:37 140550540913704 [Note] InnoDB: Starting crash recovery.
2016-07-20 13:59:37 140550540913704 [Note] InnoDB: Reading tablespace information from the .ibd files...
2016-07-20 13:59:37 140550540913704 [Note] InnoDB: Restoring possible half-written data pages 
2016-07-20 13:59:37 140550540913704 [Note] InnoDB: from the doublewrite buffer...
2016-07-20 13:59:38 140550540913704 [Note] InnoDB: 128 rollback segment(s) are active.
2016-07-20 13:59:38 140550540913704 [Note] InnoDB: Waiting for purge to start
2016-07-20 13:59:38 140550540913704 [Note] InnoDB:  Percona XtraDB (http://www.percona.com) 5.6.28-76.1 started; log sequence number 1661327
2016-07-20 13:59:38 140550307908272 [Note] InnoDB: Dumping buffer pool(s) not yet started
2016-07-20 13:59:38 140550540913704 [Note] Plugin 'FEEDBACK' is disabled.
2016-07-20 13:59:38 140550540913704 [Note] Recovering after a crash using tc.log
2016-07-20 13:59:39 140550540913704 [Note] Starting crash recovery...
2016-07-20 13:59:39 140550540913704 [Note] Crash recovery finished.
2016-07-20 13:59:39 140550540913704 [Note] Server socket created on IP: '0.0.0.0'.
2016-07-20 13:59:39 140550540913704 [Note] /usr/bin/mysqld: ready for connections.
Version: '10.1.12-MariaDB'  socket: '/var/run/mysqld/mysqld.sock'  port: 3306  MariaDB Server
