160720 14:50:33 mysqld_safe Starting mysqld daemon with databases from /var/lib/mysql
2016-07-20 14:50:35 140011662175272 [Note] Using unique option prefix 'key_buffer' is error-prone and can break in the future. Please use the full name 'key_buffer_size' instead.
2016-07-20 14:50:35 140011662175272 [Note] /usr/bin/mysqld (mysqld 10.1.12-MariaDB) starting as process 142 ...
2016-07-20 14:50:36 140011662175272 [Note] Using unique option prefix 'myisam-recover' is error-prone and can break in the future. Please use the full name 'myisam-recover-options' instead.
2016-07-20 14:50:36 140011662175272 [Note] InnoDB: Using mutexes to ref count buffer pool pages
2016-07-20 14:50:36 140011662175272 [Note] InnoDB: The InnoDB memory heap is disabled
2016-07-20 14:50:36 140011662175272 [Note] InnoDB: Mutexes and rw_locks use GCC atomic builtins
2016-07-20 14:50:36 140011662175272 [Note] InnoDB: Memory barrier is not used
2016-07-20 14:50:36 140011662175272 [Note] InnoDB: Compressed tables use zlib 1.2.8
2016-07-20 14:50:36 140011662175272 [Note] InnoDB: Using Linux native AIO
2016-07-20 14:50:36 140011662175272 [Note] InnoDB: Using SSE crc32 instructions
2016-07-20 14:50:36 140011662175272 [Note] InnoDB: Initializing buffer pool, size = 128.0M
2016-07-20 14:50:36 140011662175272 [Note] InnoDB: Completed initialization of buffer pool
2016-07-20 14:50:36 140011662175272 [ERROR] InnoDB: ./ibdata1 can't be opened in read-write mode
2016-07-20 14:50:36 140011662175272 [ERROR] InnoDB: The system tablespace must be writable!
2016-07-20 14:50:36 140011662175272 [ERROR] Plugin 'InnoDB' init function returned error.
2016-07-20 14:50:36 140011662175272 [ERROR] Plugin 'InnoDB' registration as a STORAGE ENGINE failed.
2016-07-20 14:50:36 140011662175272 [ERROR] mysqld: File '/var/lib/mysql/aria_log_control' not found (Errcode: 13 "Permission denied")
2016-07-20 14:50:36 140011662175272 [ERROR] mysqld: Got error 'Can't open file' when trying to use aria control file '/var/lib/mysql/aria_log_control'
2016-07-20 14:50:36 140011662175272 [ERROR] Plugin 'Aria' init function returned error.
2016-07-20 14:50:36 140011662175272 [ERROR] Plugin 'Aria' registration as a STORAGE ENGINE failed.
2016-07-20 14:50:36 140011662175272 [Note] Plugin 'FEEDBACK' is disabled.
2016-07-20 14:50:36 140011662175272 [ERROR] Could not open mysql.plugin table. Some plugins may be not loaded
2016-07-20 14:50:37 140011662175272 [ERROR] Unknown/unsupported storage engine: InnoDB
2016-07-20 14:50:37 140011662175272 [ERROR] Aborting

160720 14:50:37 mysqld_safe mysqld from pid file /var/run/mysqld/mysqld.pid ended
160720 14:52:31 mysqld_safe Starting mysqld daemon with databases from /var/lib/mysql
2016-07-20 14:52:31 140633777597480 [Note] Using unique option prefix 'key_buffer' is error-prone and can break in the future. Please use the full name 'key_buffer_size' instead.
2016-07-20 14:52:31 140633777597480 [Note] /usr/bin/mysqld (mysqld 10.1.12-MariaDB) starting as process 136 ...
2016-07-20 14:52:31 140633777597480 [Note] Using unique option prefix 'myisam-recover' is error-prone and can break in the future. Please use the full name 'myisam-recover-options' instead.
2016-07-20 14:52:31 140633777597480 [Note] InnoDB: Using mutexes to ref count buffer pool pages
2016-07-20 14:52:31 140633777597480 [Note] InnoDB: The InnoDB memory heap is disabled
2016-07-20 14:52:31 140633777597480 [Note] InnoDB: Mutexes and rw_locks use GCC atomic builtins
2016-07-20 14:52:31 140633777597480 [Note] InnoDB: Memory barrier is not used
2016-07-20 14:52:31 140633777597480 [Note] InnoDB: Compressed tables use zlib 1.2.8
2016-07-20 14:52:31 140633777597480 [Note] InnoDB: Using Linux native AIO
2016-07-20 14:52:31 140633777597480 [Note] InnoDB: Using SSE crc32 instructions
2016-07-20 14:52:31 140633777597480 [Note] InnoDB: Initializing buffer pool, size = 128.0M
2016-07-20 14:52:31 140633777597480 [Note] InnoDB: Completed initialization of buffer pool
2016-07-20 14:52:31 140633777597480 [ERROR] InnoDB: ./ibdata1 can't be opened in read-write mode
2016-07-20 14:52:31 140633777597480 [ERROR] InnoDB: The system tablespace must be writable!
2016-07-20 14:52:31 140633777597480 [ERROR] Plugin 'InnoDB' init function returned error.
2016-07-20 14:52:31 140633777597480 [ERROR] Plugin 'InnoDB' registration as a STORAGE ENGINE failed.
2016-07-20 14:52:31 140633777597480 [ERROR] mysqld: File '/var/lib/mysql/aria_log_control' not found (Errcode: 13 "Permission denied")
2016-07-20 14:52:31 140633777597480 [ERROR] mysqld: Got error 'Can't open file' when trying to use aria control file '/var/lib/mysql/aria_log_control'
2016-07-20 14:52:31 140633777597480 [ERROR] Plugin 'Aria' init function returned error.
2016-07-20 14:52:31 140633777597480 [ERROR] Plugin 'Aria' registration as a STORAGE ENGINE failed.
2016-07-20 14:52:31 140633777597480 [Note] Plugin 'FEEDBACK' is disabled.
2016-07-20 14:52:31 140633777597480 [ERROR] Could not open mysql.plugin table. Some plugins may be not loaded
2016-07-20 14:52:31 140633777597480 [ERROR] Unknown/unsupported storage engine: InnoDB
2016-07-20 14:52:31 140633777597480 [ERROR] Aborting

160720 14:52:31 mysqld_safe mysqld from pid file /var/run/mysqld/mysqld.pid ended
160720 14:54:12 mysqld_safe Starting mysqld daemon with databases from /var/lib/mysql
2016-07-20 14:54:12 139913999707176 [Note] Using unique option prefix 'key_buffer' is error-prone and can break in the future. Please use the full name 'key_buffer_size' instead.
2016-07-20 14:54:12 139913999707176 [Note] /usr/bin/mysqld (mysqld 10.1.12-MariaDB) starting as process 137 ...
2016-07-20 14:54:12 139913999707176 [Note] Using unique option prefix 'myisam-recover' is error-prone and can break in the future. Please use the full name 'myisam-recover-options' instead.
2016-07-20 14:54:12 139913999707176 [Note] InnoDB: Using mutexes to ref count buffer pool pages
2016-07-20 14:54:12 139913999707176 [Note] InnoDB: The InnoDB memory heap is disabled
2016-07-20 14:54:12 139913999707176 [Note] InnoDB: Mutexes and rw_locks use GCC atomic builtins
2016-07-20 14:54:12 139913999707176 [Note] InnoDB: Memory barrier is not used
2016-07-20 14:54:12 139913999707176 [Note] InnoDB: Compressed tables use zlib 1.2.8
2016-07-20 14:54:12 139913999707176 [Note] InnoDB: Using Linux native AIO
2016-07-20 14:54:12 139913999707176 [Note] InnoDB: Using SSE crc32 instructions
2016-07-20 14:54:12 139913999707176 [Note] InnoDB: Initializing buffer pool, size = 128.0M
2016-07-20 14:54:12 139913999707176 [Note] InnoDB: Completed initialization of buffer pool
2016-07-20 14:54:12 139913999707176 [ERROR] InnoDB: ./ibdata1 can't be opened in read-write mode
2016-07-20 14:54:12 139913999707176 [ERROR] InnoDB: The system tablespace must be writable!
2016-07-20 14:54:12 139913999707176 [ERROR] Plugin 'InnoDB' init function returned error.
2016-07-20 14:54:12 139913999707176 [ERROR] Plugin 'InnoDB' registration as a STORAGE ENGINE failed.
2016-07-20 14:54:12 139913999707176 [ERROR] mysqld: File '/var/lib/mysql/aria_log_control' not found (Errcode: 13 "Permission denied")
2016-07-20 14:54:12 139913999707176 [ERROR] mysqld: Got error 'Can't open file' when trying to use aria control file '/var/lib/mysql/aria_log_control'
2016-07-20 14:54:12 139913999707176 [ERROR] Plugin 'Aria' init function returned error.
2016-07-20 14:54:12 139913999707176 [ERROR] Plugin 'Aria' registration as a STORAGE ENGINE failed.
2016-07-20 14:54:12 139913999707176 [Note] Plugin 'FEEDBACK' is disabled.
2016-07-20 14:54:12 139913999707176 [ERROR] Could not open mysql.plugin table. Some plugins may be not loaded
2016-07-20 14:54:12 139913999707176 [ERROR] Unknown/unsupported storage engine: InnoDB
2016-07-20 14:54:12 139913999707176 [ERROR] Aborting

160720 14:54:12 mysqld_safe mysqld from pid file /var/run/mysqld/mysqld.pid ended
