160715 10:55:54 mysqld_safe Starting mysqld daemon with databases from /var/lib/mysql
2016-07-15 10:55:54 140577775909928 [Note] Using unique option prefix 'key_buffer' is error-prone and can break in the future. Please use the full name 'key_buffer_size' instead.
2016-07-15 10:55:54 140577775909928 [Note] /usr/bin/mysqld (mysqld 10.1.12-MariaDB) starting as process 142 ...
2016-07-15 10:55:54 140577775909928 [Note] Using unique option prefix 'myisam-recover' is error-prone and can break in the future. Please use the full name 'myisam-recover-options' instead.
2016-07-15 10:55:54 140577775909928 [Note] InnoDB: Using mutexes to ref count buffer pool pages
2016-07-15 10:55:54 140577775909928 [Note] InnoDB: The InnoDB memory heap is disabled
2016-07-15 10:55:54 140577775909928 [Note] InnoDB: Mutexes and rw_locks use GCC atomic builtins
2016-07-15 10:55:54 140577775909928 [Note] InnoDB: Memory barrier is not used
2016-07-15 10:55:54 140577775909928 [Note] InnoDB: Compressed tables use zlib 1.2.8
2016-07-15 10:55:54 140577775909928 [Note] InnoDB: Using Linux native AIO
2016-07-15 10:55:54 140577775909928 [Note] InnoDB: Using SSE crc32 instructions
2016-07-15 10:55:54 140577775909928 [Note] InnoDB: Initializing buffer pool, size = 128.0M
2016-07-15 10:55:54 140577775909928 [Note] InnoDB: Completed initialization of buffer pool
2016-07-15 10:55:54 140577775909928 [Note] InnoDB: Highest supported file format is Barracuda.
2016-07-15 10:55:54 140577775909928 [Note] InnoDB: The log sequence numbers 1616829 and 1616829 in ibdata files do not match the log sequence number 1616869 in the ib_logfiles!
2016-07-15 10:55:54 140577775909928 [Note] InnoDB: Database was not shutdown normally!
2016-07-15 10:55:54 140577775909928 [Note] InnoDB: Starting crash recovery.
2016-07-15 10:55:54 140577775909928 [Note] InnoDB: Reading tablespace information from the .ibd files...
2016-07-15 10:55:54 140577775909928 [Note] InnoDB: Restoring possible half-written data pages 
2016-07-15 10:55:54 140577775909928 [Note] InnoDB: from the doublewrite buffer...
2016-07-15 10:55:54 140577775909928 [Note] InnoDB: 128 rollback segment(s) are active.
2016-07-15 10:55:54 140577775909928 [Note] InnoDB: Waiting for purge to start
2016-07-15 10:55:54 140577775909928 [Note] InnoDB:  Percona XtraDB (http://www.percona.com) 5.6.28-76.1 started; log sequence number 1616869
2016-07-15 10:55:55 140577542904496 [Note] InnoDB: Dumping buffer pool(s) not yet started
2016-07-15 10:55:55 140577775909928 [Note] Plugin 'FEEDBACK' is disabled.
2016-07-15 10:55:55 140577775909928 [Note] Recovering after a crash using tc.log
2016-07-15 10:55:55 140577775909928 [Note] Starting crash recovery...
2016-07-15 10:55:55 140577775909928 [Note] Crash recovery finished.
2016-07-15 10:55:55 140577775909928 [Note] Server socket created on IP: '0.0.0.0'.
2016-07-15 10:55:55 140577775909928 [Note] /usr/bin/mysqld: ready for connections.
Version: '10.1.12-MariaDB'  socket: '/var/run/mysqld/mysqld.sock'  port: 3306  MariaDB Server
160715 11:02:47 mysqld_safe Starting mysqld daemon with databases from /var/lib/mysql
2016-07-15 11:02:47 139779475864616 [Note] Using unique option prefix 'key_buffer' is error-prone and can break in the future. Please use the full name 'key_buffer_size' instead.
2016-07-15 11:02:47 139779475864616 [Note] /usr/bin/mysqld (mysqld 10.1.12-MariaDB) starting as process 139 ...
2016-07-15 11:02:47 139779475864616 [Note] Using unique option prefix 'myisam-recover' is error-prone and can break in the future. Please use the full name 'myisam-recover-options' instead.
2016-07-15 11:02:47 139779475864616 [Note] InnoDB: Using mutexes to ref count buffer pool pages
2016-07-15 11:02:47 139779475864616 [Note] InnoDB: The InnoDB memory heap is disabled
2016-07-15 11:02:47 139779475864616 [Note] InnoDB: Mutexes and rw_locks use GCC atomic builtins
2016-07-15 11:02:47 139779475864616 [Note] InnoDB: Memory barrier is not used
2016-07-15 11:02:47 139779475864616 [Note] InnoDB: Compressed tables use zlib 1.2.8
2016-07-15 11:02:47 139779475864616 [Note] InnoDB: Using Linux native AIO
2016-07-15 11:02:47 139779475864616 [Note] InnoDB: Using SSE crc32 instructions
2016-07-15 11:02:47 139779475864616 [Note] InnoDB: Initializing buffer pool, size = 128.0M
2016-07-15 11:02:48 139779475864616 [Note] InnoDB: Completed initialization of buffer pool
2016-07-15 11:02:48 139779475864616 [Note] InnoDB: Highest supported file format is Barracuda.
2016-07-15 11:02:48 139779475864616 [Note] InnoDB: The log sequence numbers 1616829 and 1616829 in ibdata files do not match the log sequence number 1616879 in the ib_logfiles!
2016-07-15 11:02:48 139779475864616 [Note] InnoDB: Database was not shutdown normally!
2016-07-15 11:02:48 139779475864616 [Note] InnoDB: Starting crash recovery.
2016-07-15 11:02:48 139779475864616 [Note] InnoDB: Reading tablespace information from the .ibd files...
2016-07-15 11:02:48 139779475864616 [Note] InnoDB: Restoring possible half-written data pages 
2016-07-15 11:02:48 139779475864616 [Note] InnoDB: from the doublewrite buffer...
2016-07-15 11:02:48 139779475864616 [Note] InnoDB: 128 rollback segment(s) are active.
2016-07-15 11:02:48 139779475864616 [Note] InnoDB: Waiting for purge to start
2016-07-15 11:02:48 139779475864616 [Note] InnoDB:  Percona XtraDB (http://www.percona.com) 5.6.28-76.1 started; log sequence number 1616879
2016-07-15 11:02:48 139779242859184 [Note] InnoDB: Dumping buffer pool(s) not yet started
2016-07-15 11:02:48 139779475864616 [Note] Plugin 'FEEDBACK' is disabled.
2016-07-15 11:02:48 139779475864616 [Note] Recovering after a crash using tc.log
2016-07-15 11:02:48 139779475864616 [Note] Starting crash recovery...
2016-07-15 11:02:48 139779475864616 [Note] Crash recovery finished.
2016-07-15 11:02:48 139779475864616 [Note] Server socket created on IP: '0.0.0.0'.
2016-07-15 11:02:48 139779475864616 [Note] /usr/bin/mysqld: ready for connections.
Version: '10.1.12-MariaDB'  socket: '/var/run/mysqld/mysqld.sock'  port: 3306  MariaDB Server
160715 11:04:54 mysqld_safe Starting mysqld daemon with databases from /var/lib/mysql
2016-07-15 11:04:54 139783405599784 [Note] Using unique option prefix 'key_buffer' is error-prone and can break in the future. Please use the full name 'key_buffer_size' instead.
2016-07-15 11:04:54 139783405599784 [Note] /usr/bin/mysqld (mysqld 10.1.12-MariaDB) starting as process 139 ...
2016-07-15 11:04:54 139783405599784 [Note] Using unique option prefix 'myisam-recover' is error-prone and can break in the future. Please use the full name 'myisam-recover-options' instead.
2016-07-15 11:04:54 139783405599784 [Note] InnoDB: Using mutexes to ref count buffer pool pages
2016-07-15 11:04:54 139783405599784 [Note] InnoDB: The InnoDB memory heap is disabled
2016-07-15 11:04:54 139783405599784 [Note] InnoDB: Mutexes and rw_locks use GCC atomic builtins
2016-07-15 11:04:54 139783405599784 [Note] InnoDB: Memory barrier is not used
2016-07-15 11:04:54 139783405599784 [Note] InnoDB: Compressed tables use zlib 1.2.8
2016-07-15 11:04:54 139783405599784 [Note] InnoDB: Using Linux native AIO
2016-07-15 11:04:54 139783405599784 [Note] InnoDB: Using SSE crc32 instructions
2016-07-15 11:04:54 139783405599784 [Note] InnoDB: Initializing buffer pool, size = 128.0M
2016-07-15 11:04:54 139783405599784 [Note] InnoDB: Completed initialization of buffer pool
2016-07-15 11:04:54 139783405599784 [Note] InnoDB: Highest supported file format is Barracuda.
2016-07-15 11:04:54 139783405599784 [Note] InnoDB: The log sequence numbers 1616829 and 1616829 in ibdata files do not match the log sequence number 1616889 in the ib_logfiles!
2016-07-15 11:04:54 139783405599784 [Note] InnoDB: Database was not shutdown normally!
2016-07-15 11:04:54 139783405599784 [Note] InnoDB: Starting crash recovery.
2016-07-15 11:04:54 139783405599784 [Note] InnoDB: Reading tablespace information from the .ibd files...
2016-07-15 11:04:54 139783405599784 [Note] InnoDB: Restoring possible half-written data pages 
2016-07-15 11:04:54 139783405599784 [Note] InnoDB: from the doublewrite buffer...
2016-07-15 11:04:54 139783405599784 [Note] InnoDB: 128 rollback segment(s) are active.
2016-07-15 11:04:54 139783405599784 [Note] InnoDB: Waiting for purge to start
2016-07-15 11:04:54 139783405599784 [Note] InnoDB:  Percona XtraDB (http://www.percona.com) 5.6.28-76.1 started; log sequence number 1616889
2016-07-15 11:04:55 139783172594352 [Note] InnoDB: Dumping buffer pool(s) not yet started
2016-07-15 11:04:55 139783405599784 [Note] Plugin 'FEEDBACK' is disabled.
2016-07-15 11:04:55 139783405599784 [Note] Recovering after a crash using tc.log
2016-07-15 11:04:55 139783405599784 [Note] Starting crash recovery...
2016-07-15 11:04:55 139783405599784 [Note] Crash recovery finished.
2016-07-15 11:04:55 139783405599784 [Note] Server socket created on IP: '0.0.0.0'.
2016-07-15 11:04:55 139783405599784 [Note] /usr/bin/mysqld: ready for connections.
Version: '10.1.12-MariaDB'  socket: '/var/run/mysqld/mysqld.sock'  port: 3306  MariaDB Server
160718 06:20:17 mysqld_safe Starting mysqld daemon with databases from /var/lib/mysql
2016-07-18  6:20:20 139961281145896 [Note] Using unique option prefix 'key_buffer' is error-prone and can break in the future. Please use the full name 'key_buffer_size' instead.
2016-07-18  6:20:20 139961281145896 [Note] /usr/bin/mysqld (mysqld 10.1.12-MariaDB) starting as process 139 ...
2016-07-18  6:20:21 139961281145896 [Note] Using unique option prefix 'myisam-recover' is error-prone and can break in the future. Please use the full name 'myisam-recover-options' instead.
2016-07-18  6:20:22 139961281145896 [Note] InnoDB: Using mutexes to ref count buffer pool pages
2016-07-18  6:20:22 139961281145896 [Note] InnoDB: The InnoDB memory heap is disabled
2016-07-18  6:20:22 139961281145896 [Note] InnoDB: Mutexes and rw_locks use GCC atomic builtins
2016-07-18  6:20:22 139961281145896 [Note] InnoDB: Memory barrier is not used
2016-07-18  6:20:22 139961281145896 [Note] InnoDB: Compressed tables use zlib 1.2.8
2016-07-18  6:20:22 139961281145896 [Note] InnoDB: Using Linux native AIO
2016-07-18  6:20:22 139961281145896 [Note] InnoDB: Using SSE crc32 instructions
2016-07-18  6:20:22 139961281145896 [Note] InnoDB: Initializing buffer pool, size = 128.0M
2016-07-18  6:20:22 139961281145896 [Note] InnoDB: Completed initialization of buffer pool
2016-07-18  6:20:23 139961281145896 [Note] InnoDB: Highest supported file format is Barracuda.
2016-07-18  6:20:23 139961281145896 [Note] InnoDB: The log sequence numbers 1616829 and 1616829 in ibdata files do not match the log sequence number 1616915 in the ib_logfiles!
2016-07-18  6:20:23 139961281145896 [Note] InnoDB: Database was not shutdown normally!
2016-07-18  6:20:23 139961281145896 [Note] InnoDB: Starting crash recovery.
2016-07-18  6:20:23 139961281145896 [Note] InnoDB: Reading tablespace information from the .ibd files...
2016-07-18  6:20:23 139961281145896 [Note] InnoDB: Restoring possible half-written data pages 
2016-07-18  6:20:23 139961281145896 [Note] InnoDB: from the doublewrite buffer...
2016-07-18  6:20:24 139961281145896 [Note] InnoDB: 128 rollback segment(s) are active.
2016-07-18  6:20:24 139961281145896 [Note] InnoDB: Waiting for purge to start
2016-07-18  6:20:24 139961281145896 [Note] InnoDB:  Percona XtraDB (http://www.percona.com) 5.6.28-76.1 started; log sequence number 1616915
2016-07-18  6:20:24 139961048140464 [Note] InnoDB: Dumping buffer pool(s) not yet started
2016-07-18  6:20:25 139961281145896 [Note] Plugin 'FEEDBACK' is disabled.
2016-07-18  6:20:25 139961281145896 [Note] Recovering after a crash using tc.log
2016-07-18  6:20:25 139961281145896 [Note] Starting crash recovery...
2016-07-18  6:20:25 139961281145896 [Note] Crash recovery finished.
2016-07-18  6:20:25 139961281145896 [Note] Server socket created on IP: '0.0.0.0'.
2016-07-18  6:20:26 139961281145896 [Note] /usr/bin/mysqld: ready for connections.
Version: '10.1.12-MariaDB'  socket: '/var/run/mysqld/mysqld.sock'  port: 3306  MariaDB Server
160718 06:22:57 mysqld_safe Starting mysqld daemon with databases from /var/lib/mysql
2016-07-18  6:22:57 140503196265512 [Note] Using unique option prefix 'key_buffer' is error-prone and can break in the future. Please use the full name 'key_buffer_size' instead.
2016-07-18  6:22:57 140503196265512 [Note] /usr/bin/mysqld (mysqld 10.1.12-MariaDB) starting as process 139 ...
2016-07-18  6:22:57 140503196265512 [Note] Using unique option prefix 'myisam-recover' is error-prone and can break in the future. Please use the full name 'myisam-recover-options' instead.
2016-07-18  6:22:57 140503196265512 [Note] InnoDB: Using mutexes to ref count buffer pool pages
2016-07-18  6:22:57 140503196265512 [Note] InnoDB: The InnoDB memory heap is disabled
2016-07-18  6:22:57 140503196265512 [Note] InnoDB: Mutexes and rw_locks use GCC atomic builtins
2016-07-18  6:22:57 140503196265512 [Note] InnoDB: Memory barrier is not used
2016-07-18  6:22:57 140503196265512 [Note] InnoDB: Compressed tables use zlib 1.2.8
2016-07-18  6:22:57 140503196265512 [Note] InnoDB: Using Linux native AIO
2016-07-18  6:22:57 140503196265512 [Note] InnoDB: Using SSE crc32 instructions
2016-07-18  6:22:57 140503196265512 [Note] InnoDB: Initializing buffer pool, size = 128.0M
2016-07-18  6:22:57 140503196265512 [Note] InnoDB: Completed initialization of buffer pool
2016-07-18  6:22:57 140503196265512 [Note] InnoDB: Highest supported file format is Barracuda.
2016-07-18  6:22:57 140503196265512 [Note] InnoDB: The log sequence numbers 1616829 and 1616829 in ibdata files do not match the log sequence number 1616925 in the ib_logfiles!
2016-07-18  6:22:57 140503196265512 [Note] InnoDB: Database was not shutdown normally!
2016-07-18  6:22:57 140503196265512 [Note] InnoDB: Starting crash recovery.
2016-07-18  6:22:57 140503196265512 [Note] InnoDB: Reading tablespace information from the .ibd files...
2016-07-18  6:22:57 140503196265512 [Note] InnoDB: Restoring possible half-written data pages 
2016-07-18  6:22:57 140503196265512 [Note] InnoDB: from the doublewrite buffer...
2016-07-18  6:22:57 140503196265512 [Note] InnoDB: 128 rollback segment(s) are active.
2016-07-18  6:22:57 140503196265512 [Note] InnoDB: Waiting for purge to start
2016-07-18  6:22:57 140503196265512 [Note] InnoDB:  Percona XtraDB (http://www.percona.com) 5.6.28-76.1 started; log sequence number 1616925
2016-07-18  6:22:58 140502963260080 [Note] InnoDB: Dumping buffer pool(s) not yet started
2016-07-18  6:22:58 140503196265512 [Note] Plugin 'FEEDBACK' is disabled.
2016-07-18  6:22:58 140503196265512 [Note] Recovering after a crash using tc.log
2016-07-18  6:22:58 140503196265512 [Note] Starting crash recovery...
2016-07-18  6:22:58 140503196265512 [Note] Crash recovery finished.
2016-07-18  6:22:58 140503196265512 [Note] Server socket created on IP: '0.0.0.0'.
2016-07-18  6:22:58 140503196265512 [Note] /usr/bin/mysqld: ready for connections.
Version: '10.1.12-MariaDB'  socket: '/var/run/mysqld/mysqld.sock'  port: 3306  MariaDB Server
160718 06:32:24 mysqld_safe Starting mysqld daemon with databases from /var/lib/mysql
2016-07-18  6:32:24 140405470325800 [Note] Using unique option prefix 'key_buffer' is error-prone and can break in the future. Please use the full name 'key_buffer_size' instead.
2016-07-18  6:32:24 140405470325800 [Note] /usr/bin/mysqld (mysqld 10.1.12-MariaDB) starting as process 139 ...
2016-07-18  6:32:24 140405470325800 [Note] Using unique option prefix 'myisam-recover' is error-prone and can break in the future. Please use the full name 'myisam-recover-options' instead.
2016-07-18  6:32:24 140405470325800 [Note] InnoDB: Using mutexes to ref count buffer pool pages
2016-07-18  6:32:24 140405470325800 [Note] InnoDB: The InnoDB memory heap is disabled
2016-07-18  6:32:24 140405470325800 [Note] InnoDB: Mutexes and rw_locks use GCC atomic builtins
2016-07-18  6:32:24 140405470325800 [Note] InnoDB: Memory barrier is not used
2016-07-18  6:32:24 140405470325800 [Note] InnoDB: Compressed tables use zlib 1.2.8
2016-07-18  6:32:24 140405470325800 [Note] InnoDB: Using Linux native AIO
2016-07-18  6:32:24 140405470325800 [Note] InnoDB: Using SSE crc32 instructions
2016-07-18  6:32:24 140405470325800 [Note] InnoDB: Initializing buffer pool, size = 128.0M
2016-07-18  6:32:24 140405470325800 [Note] InnoDB: Completed initialization of buffer pool
2016-07-18  6:32:24 140405470325800 [Note] InnoDB: Highest supported file format is Barracuda.
2016-07-18  6:32:24 140405470325800 [Note] InnoDB: The log sequence numbers 1616829 and 1616829 in ibdata files do not match the log sequence number 1620920 in the ib_logfiles!
2016-07-18  6:32:24 140405470325800 [Note] InnoDB: Database was not shutdown normally!
2016-07-18  6:32:24 140405470325800 [Note] InnoDB: Starting crash recovery.
2016-07-18  6:32:24 140405470325800 [Note] InnoDB: Reading tablespace information from the .ibd files...
2016-07-18  6:32:24 140405470325800 [Note] InnoDB: Restoring possible half-written data pages 
2016-07-18  6:32:24 140405470325800 [Note] InnoDB: from the doublewrite buffer...
2016-07-18  6:32:24 140405470325800 [Note] InnoDB: 128 rollback segment(s) are active.
2016-07-18  6:32:24 140405470325800 [Note] InnoDB: Waiting for purge to start
2016-07-18  6:32:24 140405470325800 [Note] InnoDB:  Percona XtraDB (http://www.percona.com) 5.6.28-76.1 started; log sequence number 1620920
2016-07-18  6:32:25 140405237320368 [Note] InnoDB: Dumping buffer pool(s) not yet started
2016-07-18  6:32:25 140405470325800 [Note] Plugin 'FEEDBACK' is disabled.
2016-07-18  6:32:25 140405470325800 [Note] Recovering after a crash using tc.log
2016-07-18  6:32:25 140405470325800 [Note] Starting crash recovery...
2016-07-18  6:32:25 140405470325800 [Note] Crash recovery finished.
2016-07-18  6:32:25 140405470325800 [Note] Server socket created on IP: '0.0.0.0'.
2016-07-18  6:32:25 140405470325800 [Note] /usr/bin/mysqld: ready for connections.
Version: '10.1.12-MariaDB'  socket: '/var/run/mysqld/mysqld.sock'  port: 3306  MariaDB Server
2016-07-18  6:32:26 140405234129584 [Note] InnoDB: Online DDL : Start
2016-07-18  6:32:26 140405234129584 [Note] InnoDB: Online DDL : Start reading clustered index of the table and create temporary files
2016-07-18  6:32:26 140405234129584 [Note] InnoDB: Online DDL : End of reading clustered index of the table and create temporary files
2016-07-18  6:32:26 140405234129584 [Note] InnoDB: Online DDL : Start applying row log
2016-07-18  6:32:26 140405234129584 [Note] InnoDB: Online DDL : End of applying row log
2016-07-18  6:32:26 140405234129584 [Note] InnoDB: Online DDL : Completed
2016-07-18  6:32:27 140405234129584 [Note] InnoDB: Online DDL : Start
2016-07-18  6:32:27 140405234129584 [Note] InnoDB: Online DDL : Start reading clustered index of the table and create temporary files
2016-07-18  6:32:27 140405234129584 [Note] InnoDB: Online DDL : End of reading clustered index of the table and create temporary files
2016-07-18  6:32:27 140405234129584 [Note] InnoDB: Online DDL : Start applying row log
2016-07-18  6:32:27 140405234129584 [Note] InnoDB: Online DDL : End of applying row log
2016-07-18  6:32:27 140405234129584 [Note] InnoDB: Online DDL : Completed
2016-07-18  6:32:27 140405234129584 [Note] InnoDB: Online DDL : Start
2016-07-18  6:32:27 140405234129584 [Note] InnoDB: Online DDL : Start reading clustered index of the table and create temporary files
2016-07-18  6:32:27 140405234129584 [Note] InnoDB: Online DDL : End of reading clustered index of the table and create temporary files
2016-07-18  6:32:27 140405234129584 [Note] InnoDB: Online DDL : Start applying row log
2016-07-18  6:32:27 140405234129584 [Note] InnoDB: Online DDL : End of applying row log
2016-07-18  6:32:27 140405234129584 [Note] InnoDB: Online DDL : Completed
