160715 10:06:11 mysqld_safe Starting mysqld daemon with databases from /var/lib/mysql
2016-07-15 10:06:12 140168891726888 [Note] Using unique option prefix 'key_buffer' is error-prone and can break in the future. Please use the full name 'key_buffer_size' instead.
2016-07-15 10:06:12 140168891726888 [Note] /usr/bin/mysqld (mysqld 10.1.12-MariaDB) starting as process 258 ...
2016-07-15 10:06:12 140168891726888 [Note] Using unique option prefix 'myisam-recover' is error-prone and can break in the future. Please use the full name 'myisam-recover-options' instead.
2016-07-15 10:06:12 140168891726888 [Note] InnoDB: Using mutexes to ref count buffer pool pages
2016-07-15 10:06:12 140168891726888 [Note] InnoDB: The InnoDB memory heap is disabled
2016-07-15 10:06:12 140168891726888 [Note] InnoDB: Mutexes and rw_locks use GCC atomic builtins
2016-07-15 10:06:12 140168891726888 [Note] InnoDB: Memory barrier is not used
2016-07-15 10:06:12 140168891726888 [Note] InnoDB: Compressed tables use zlib 1.2.8
2016-07-15 10:06:12 140168891726888 [Note] InnoDB: Using Linux native AIO
2016-07-15 10:06:12 140168891726888 [Note] InnoDB: Using SSE crc32 instructions
2016-07-15 10:06:12 140168891726888 [Note] InnoDB: Initializing buffer pool, size = 128.0M
2016-07-15 10:06:12 140168891726888 [Note] InnoDB: Completed initialization of buffer pool
2016-07-15 10:06:12 140168891726888 [Note] InnoDB: Highest supported file format is Barracuda.
2016-07-15 10:06:12 140168891726888 [Note] InnoDB: 128 rollback segment(s) are active.
2016-07-15 10:06:12 140168891726888 [Note] InnoDB: Waiting for purge to start
2016-07-15 10:06:12 140168891726888 [Note] InnoDB:  Percona XtraDB (http://www.percona.com) 5.6.28-76.1 started; log sequence number 1616819
2016-07-15 10:06:12 140168658721456 [Note] InnoDB: Dumping buffer pool(s) not yet started
2016-07-15 10:06:12 140168891726888 [Note] Plugin 'FEEDBACK' is disabled.
2016-07-15 10:06:12 140168891726888 [Note] Server socket created on IP: '0.0.0.0'.
2016-07-15 10:06:12 140168891726888 [Note] /usr/bin/mysqld: ready for connections.
Version: '10.1.12-MariaDB'  socket: '/var/run/mysqld/mysqld.sock'  port: 3306  MariaDB Server
2016-07-15 10:06:16 140168655321776 [Note] /usr/bin/mysqld: Normal shutdown

2016-07-15 10:06:16 140168655321776 [Note] Event Scheduler: Purging the queue. 0 events
2016-07-15 10:06:16 140168658541232 [Note] InnoDB: FTS optimize thread exiting.
2016-07-15 10:06:16 140168655321776 [Note] InnoDB: Starting shutdown...
2016-07-15 10:06:18 140168655321776 [Note] InnoDB: Shutdown completed; log sequence number 1616829
2016-07-15 10:06:18 140168655321776 [Note] /usr/bin/mysqld: Shutdown complete

160715 10:06:18 mysqld_safe mysqld from pid file /var/run/mysqld/mysqld.pid ended
160715 10:06:19 mysqld_safe Starting mysqld daemon with databases from /var/lib/mysql
2016-07-15 10:06:19 139958648601640 [Note] Using unique option prefix 'key_buffer' is error-prone and can break in the future. Please use the full name 'key_buffer_size' instead.
2016-07-15 10:06:19 139958648601640 [Note] /usr/bin/mysqld (mysqld 10.1.12-MariaDB) starting as process 424 ...
2016-07-15 10:06:19 139958648601640 [Note] Using unique option prefix 'myisam-recover' is error-prone and can break in the future. Please use the full name 'myisam-recover-options' instead.
2016-07-15 10:06:19 139958648601640 [Note] InnoDB: Using mutexes to ref count buffer pool pages
2016-07-15 10:06:19 139958648601640 [Note] InnoDB: The InnoDB memory heap is disabled
2016-07-15 10:06:19 139958648601640 [Note] InnoDB: Mutexes and rw_locks use GCC atomic builtins
2016-07-15 10:06:19 139958648601640 [Note] InnoDB: Memory barrier is not used
2016-07-15 10:06:19 139958648601640 [Note] InnoDB: Compressed tables use zlib 1.2.8
2016-07-15 10:06:19 139958648601640 [Note] InnoDB: Using Linux native AIO
2016-07-15 10:06:19 139958648601640 [Note] InnoDB: Using SSE crc32 instructions
2016-07-15 10:06:19 139958648601640 [Note] InnoDB: Initializing buffer pool, size = 128.0M
2016-07-15 10:06:19 139958648601640 [Note] InnoDB: Completed initialization of buffer pool
2016-07-15 10:06:19 139958648601640 [Note] InnoDB: Highest supported file format is Barracuda.
2016-07-15 10:06:19 139958648601640 [Note] InnoDB: 128 rollback segment(s) are active.
2016-07-15 10:06:19 139958648601640 [Note] InnoDB: Waiting for purge to start
2016-07-15 10:06:19 139958648601640 [Note] InnoDB:  Percona XtraDB (http://www.percona.com) 5.6.28-76.1 started; log sequence number 1616829
2016-07-15 10:06:19 139958415596208 [Note] InnoDB: Dumping buffer pool(s) not yet started
2016-07-15 10:06:19 139958648601640 [Note] Plugin 'FEEDBACK' is disabled.
2016-07-15 10:06:19 139958648601640 [Note] Server socket created on IP: '0.0.0.0'.
2016-07-15 10:06:19 139958648601640 [Note] /usr/bin/mysqld: ready for connections.
Version: '10.1.12-MariaDB'  socket: '/var/run/mysqld/mysqld.sock'  port: 3306  MariaDB Server
160715 10:29:42 mysqld_safe Starting mysqld daemon with databases from /var/lib/mysql
2016-07-15 10:29:42 139883612568616 [Note] Using unique option prefix 'key_buffer' is error-prone and can break in the future. Please use the full name 'key_buffer_size' instead.
2016-07-15 10:29:42 139883612568616 [Note] /usr/bin/mysqld (mysqld 10.1.12-MariaDB) starting as process 139 ...
2016-07-15 10:29:42 139883612568616 [Note] Using unique option prefix 'myisam-recover' is error-prone and can break in the future. Please use the full name 'myisam-recover-options' instead.
2016-07-15 10:29:42 139883612568616 [Note] InnoDB: Using mutexes to ref count buffer pool pages
2016-07-15 10:29:42 139883612568616 [Note] InnoDB: The InnoDB memory heap is disabled
2016-07-15 10:29:42 139883612568616 [Note] InnoDB: Mutexes and rw_locks use GCC atomic builtins
2016-07-15 10:29:42 139883612568616 [Note] InnoDB: Memory barrier is not used
2016-07-15 10:29:42 139883612568616 [Note] InnoDB: Compressed tables use zlib 1.2.8
2016-07-15 10:29:42 139883612568616 [Note] InnoDB: Using Linux native AIO
2016-07-15 10:29:42 139883612568616 [Note] InnoDB: Using SSE crc32 instructions
2016-07-15 10:29:42 139883612568616 [Note] InnoDB: Initializing buffer pool, size = 128.0M
2016-07-15 10:29:43 139883612568616 [Note] InnoDB: Completed initialization of buffer pool
2016-07-15 10:29:43 139883612568616 [Note] InnoDB: Highest supported file format is Barracuda.
2016-07-15 10:29:43 139883612568616 [Note] InnoDB: The log sequence numbers 1616829 and 1616829 in ibdata files do not match the log sequence number 1616839 in the ib_logfiles!
2016-07-15 10:29:43 139883612568616 [Note] InnoDB: Database was not shutdown normally!
2016-07-15 10:29:43 139883612568616 [Note] InnoDB: Starting crash recovery.
2016-07-15 10:29:43 139883612568616 [Note] InnoDB: Reading tablespace information from the .ibd files...
2016-07-15 10:29:43 139883612568616 [Note] InnoDB: Restoring possible half-written data pages 
2016-07-15 10:29:43 139883612568616 [Note] InnoDB: from the doublewrite buffer...
2016-07-15 10:29:43 139883612568616 [Note] InnoDB: 128 rollback segment(s) are active.
2016-07-15 10:29:43 139883612568616 [Note] InnoDB: Waiting for purge to start
2016-07-15 10:29:43 139883612568616 [Note] InnoDB:  Percona XtraDB (http://www.percona.com) 5.6.28-76.1 started; log sequence number 1616839
2016-07-15 10:29:43 139883379563184 [Note] InnoDB: Dumping buffer pool(s) not yet started
2016-07-15 10:29:43 139883612568616 [Note] Plugin 'FEEDBACK' is disabled.
2016-07-15 10:29:43 139883612568616 [Note] Recovering after a crash using tc.log
2016-07-15 10:29:43 139883612568616 [Note] Starting crash recovery...
2016-07-15 10:29:43 139883612568616 [Note] Crash recovery finished.
2016-07-15 10:29:43 139883612568616 [Note] Server socket created on IP: '0.0.0.0'.
2016-07-15 10:29:43 139883612568616 [Note] /usr/bin/mysqld: ready for connections.
Version: '10.1.12-MariaDB'  socket: '/var/run/mysqld/mysqld.sock'  port: 3306  MariaDB Server
160715 10:31:44 mysqld_safe Starting mysqld daemon with databases from /var/lib/mysql
2016-07-15 10:31:44 140580883561512 [Note] Using unique option prefix 'key_buffer' is error-prone and can break in the future. Please use the full name 'key_buffer_size' instead.
2016-07-15 10:31:44 140580883561512 [Note] /usr/bin/mysqld (mysqld 10.1.12-MariaDB) starting as process 139 ...
2016-07-15 10:31:44 140580883561512 [Note] Using unique option prefix 'myisam-recover' is error-prone and can break in the future. Please use the full name 'myisam-recover-options' instead.
2016-07-15 10:31:44 140580883561512 [Note] InnoDB: Using mutexes to ref count buffer pool pages
2016-07-15 10:31:44 140580883561512 [Note] InnoDB: The InnoDB memory heap is disabled
2016-07-15 10:31:44 140580883561512 [Note] InnoDB: Mutexes and rw_locks use GCC atomic builtins
2016-07-15 10:31:44 140580883561512 [Note] InnoDB: Memory barrier is not used
2016-07-15 10:31:44 140580883561512 [Note] InnoDB: Compressed tables use zlib 1.2.8
2016-07-15 10:31:44 140580883561512 [Note] InnoDB: Using Linux native AIO
2016-07-15 10:31:44 140580883561512 [Note] InnoDB: Using SSE crc32 instructions
2016-07-15 10:31:44 140580883561512 [Note] InnoDB: Initializing buffer pool, size = 128.0M
2016-07-15 10:31:44 140580883561512 [Note] InnoDB: Completed initialization of buffer pool
2016-07-15 10:31:44 140580883561512 [Note] InnoDB: Highest supported file format is Barracuda.
2016-07-15 10:31:44 140580883561512 [Note] InnoDB: The log sequence numbers 1616829 and 1616829 in ibdata files do not match the log sequence number 1616849 in the ib_logfiles!
2016-07-15 10:31:44 140580883561512 [Note] InnoDB: Database was not shutdown normally!
2016-07-15 10:31:44 140580883561512 [Note] InnoDB: Starting crash recovery.
2016-07-15 10:31:44 140580883561512 [Note] InnoDB: Reading tablespace information from the .ibd files...
2016-07-15 10:31:44 140580883561512 [Note] InnoDB: Restoring possible half-written data pages 
2016-07-15 10:31:44 140580883561512 [Note] InnoDB: from the doublewrite buffer...
2016-07-15 10:31:44 140580883561512 [Note] InnoDB: 128 rollback segment(s) are active.
2016-07-15 10:31:44 140580883561512 [Note] InnoDB: Waiting for purge to start
2016-07-15 10:31:44 140580883561512 [Note] InnoDB:  Percona XtraDB (http://www.percona.com) 5.6.28-76.1 started; log sequence number 1616849
2016-07-15 10:31:45 140580650556080 [Note] InnoDB: Dumping buffer pool(s) not yet started
2016-07-15 10:31:45 140580883561512 [Note] Plugin 'FEEDBACK' is disabled.
2016-07-15 10:31:45 140580883561512 [Note] Recovering after a crash using tc.log
2016-07-15 10:31:45 140580883561512 [Note] Starting crash recovery...
2016-07-15 10:31:45 140580883561512 [Note] Crash recovery finished.
2016-07-15 10:31:45 140580883561512 [Note] Server socket created on IP: '0.0.0.0'.
2016-07-15 10:31:45 140580883561512 [Note] /usr/bin/mysqld: ready for connections.
Version: '10.1.12-MariaDB'  socket: '/var/run/mysqld/mysqld.sock'  port: 3306  MariaDB Server
160715 10:34:58 mysqld_safe Starting mysqld daemon with databases from /var/lib/mysql
2016-07-15 10:34:58 140350938840104 [Note] Using unique option prefix 'key_buffer' is error-prone and can break in the future. Please use the full name 'key_buffer_size' instead.
2016-07-15 10:34:58 140350938840104 [Note] /usr/bin/mysqld (mysqld 10.1.12-MariaDB) starting as process 140 ...
2016-07-15 10:34:58 140350938840104 [Note] Using unique option prefix 'myisam-recover' is error-prone and can break in the future. Please use the full name 'myisam-recover-options' instead.
2016-07-15 10:34:58 140350938840104 [Note] InnoDB: Using mutexes to ref count buffer pool pages
2016-07-15 10:34:58 140350938840104 [Note] InnoDB: The InnoDB memory heap is disabled
2016-07-15 10:34:58 140350938840104 [Note] InnoDB: Mutexes and rw_locks use GCC atomic builtins
2016-07-15 10:34:58 140350938840104 [Note] InnoDB: Memory barrier is not used
2016-07-15 10:34:58 140350938840104 [Note] InnoDB: Compressed tables use zlib 1.2.8
2016-07-15 10:34:58 140350938840104 [Note] InnoDB: Using Linux native AIO
2016-07-15 10:34:58 140350938840104 [Note] InnoDB: Using SSE crc32 instructions
2016-07-15 10:34:58 140350938840104 [Note] InnoDB: Initializing buffer pool, size = 128.0M
2016-07-15 10:34:58 140350938840104 [Note] InnoDB: Completed initialization of buffer pool
2016-07-15 10:34:58 140350938840104 [Note] InnoDB: Highest supported file format is Barracuda.
2016-07-15 10:34:58 140350938840104 [Note] InnoDB: The log sequence numbers 1616829 and 1616829 in ibdata files do not match the log sequence number 1616859 in the ib_logfiles!
2016-07-15 10:34:58 140350938840104 [Note] InnoDB: Database was not shutdown normally!
2016-07-15 10:34:58 140350938840104 [Note] InnoDB: Starting crash recovery.
2016-07-15 10:34:58 140350938840104 [Note] InnoDB: Reading tablespace information from the .ibd files...
2016-07-15 10:34:58 140350938840104 [Note] InnoDB: Restoring possible half-written data pages 
2016-07-15 10:34:58 140350938840104 [Note] InnoDB: from the doublewrite buffer...
2016-07-15 10:34:59 140350938840104 [Note] InnoDB: 128 rollback segment(s) are active.
2016-07-15 10:34:59 140350938840104 [Note] InnoDB: Waiting for purge to start
2016-07-15 10:34:59 140350938840104 [Note] InnoDB:  Percona XtraDB (http://www.percona.com) 5.6.28-76.1 started; log sequence number 1616859
2016-07-15 10:34:59 140350705834672 [Note] InnoDB: Dumping buffer pool(s) not yet started
2016-07-15 10:34:59 140350938840104 [Note] Plugin 'FEEDBACK' is disabled.
2016-07-15 10:34:59 140350938840104 [Note] Recovering after a crash using tc.log
2016-07-15 10:34:59 140350938840104 [Note] Starting crash recovery...
2016-07-15 10:34:59 140350938840104 [Note] Crash recovery finished.
2016-07-15 10:34:59 140350938840104 [Note] Server socket created on IP: '0.0.0.0'.
2016-07-15 10:34:59 140350938840104 [Note] /usr/bin/mysqld: ready for connections.
Version: '10.1.12-MariaDB'  socket: '/var/run/mysqld/mysqld.sock'  port: 3306  MariaDB Server
