160721 13:22:06 mysqld_safe Starting mysqld daemon with databases from /var/lib/mysql
2016-07-21 13:22:06 139926640634920 [Note] Using unique option prefix 'key_buffer' is error-prone and can break in the future. Please use the full name 'key_buffer_size' instead.
2016-07-21 13:22:06 139926640634920 [Note] /usr/bin/mysqld (mysqld 10.1.12-MariaDB) starting as process 256 ...
2016-07-21 13:22:06 139926640634920 [Note] Using unique option prefix 'myisam-recover' is error-prone and can break in the future. Please use the full name 'myisam-recover-options' instead.
2016-07-21 13:22:06 139926640634920 [Note] InnoDB: Using mutexes to ref count buffer pool pages
2016-07-21 13:22:06 139926640634920 [Note] InnoDB: The InnoDB memory heap is disabled
2016-07-21 13:22:06 139926640634920 [Note] InnoDB: Mutexes and rw_locks use GCC atomic builtins
2016-07-21 13:22:06 139926640634920 [Note] InnoDB: Memory barrier is not used
2016-07-21 13:22:06 139926640634920 [Note] InnoDB: Compressed tables use zlib 1.2.8
2016-07-21 13:22:06 139926640634920 [Note] InnoDB: Using Linux native AIO
2016-07-21 13:22:06 139926640634920 [Note] InnoDB: Using SSE crc32 instructions
2016-07-21 13:22:06 139926640634920 [Note] InnoDB: Initializing buffer pool, size = 128.0M
2016-07-21 13:22:06 139926640634920 [Note] InnoDB: Completed initialization of buffer pool
2016-07-21 13:22:06 139926640634920 [Note] InnoDB: Highest supported file format is Barracuda.
2016-07-21 13:22:07 139926640634920 [Note] InnoDB: 128 rollback segment(s) are active.
2016-07-21 13:22:07 139926640634920 [Note] InnoDB: Waiting for purge to start
2016-07-21 13:22:07 139926640634920 [Note] InnoDB:  Percona XtraDB (http://www.percona.com) 5.6.28-76.1 started; log sequence number 1616819
2016-07-21 13:22:07 139926407629488 [Note] InnoDB: Dumping buffer pool(s) not yet started
2016-07-21 13:22:07 139926640634920 [Note] Plugin 'FEEDBACK' is disabled.
2016-07-21 13:22:07 139926640634920 [Note] Server socket created on IP: '0.0.0.0'.
2016-07-21 13:22:07 139926640634920 [Note] /usr/bin/mysqld: ready for connections.
Version: '10.1.12-MariaDB'  socket: '/var/run/mysqld/mysqld.sock'  port: 3306  MariaDB Server
2016-07-21 13:22:11 139926404229808 [Note] /usr/bin/mysqld: Normal shutdown

2016-07-21 13:22:11 139926404229808 [Note] Event Scheduler: Purging the queue. 0 events
2016-07-21 13:22:11 139926407449264 [Note] InnoDB: FTS optimize thread exiting.
2016-07-21 13:22:11 139926404229808 [Note] InnoDB: Starting shutdown...
2016-07-21 13:22:13 139926404229808 [Note] InnoDB: Shutdown completed; log sequence number 1616829
2016-07-21 13:22:13 139926404229808 [Note] /usr/bin/mysqld: Shutdown complete

160721 13:22:13 mysqld_safe mysqld from pid file /var/run/mysqld/mysqld.pid ended
160721 13:22:13 mysqld_safe Starting mysqld daemon with databases from /var/lib/mysql
2016-07-21 13:22:13 140148905782312 [Note] Using unique option prefix 'key_buffer' is error-prone and can break in the future. Please use the full name 'key_buffer_size' instead.
2016-07-21 13:22:13 140148905782312 [Note] /usr/bin/mysqld (mysqld 10.1.12-MariaDB) starting as process 422 ...
2016-07-21 13:22:14 140148905782312 [Note] Using unique option prefix 'myisam-recover' is error-prone and can break in the future. Please use the full name 'myisam-recover-options' instead.
2016-07-21 13:22:14 140148905782312 [Note] InnoDB: Using mutexes to ref count buffer pool pages
2016-07-21 13:22:14 140148905782312 [Note] InnoDB: The InnoDB memory heap is disabled
2016-07-21 13:22:14 140148905782312 [Note] InnoDB: Mutexes and rw_locks use GCC atomic builtins
2016-07-21 13:22:14 140148905782312 [Note] InnoDB: Memory barrier is not used
2016-07-21 13:22:14 140148905782312 [Note] InnoDB: Compressed tables use zlib 1.2.8
2016-07-21 13:22:14 140148905782312 [Note] InnoDB: Using Linux native AIO
2016-07-21 13:22:14 140148905782312 [Note] InnoDB: Using SSE crc32 instructions
2016-07-21 13:22:14 140148905782312 [Note] InnoDB: Initializing buffer pool, size = 128.0M
2016-07-21 13:22:14 140148905782312 [Note] InnoDB: Completed initialization of buffer pool
2016-07-21 13:22:14 140148905782312 [Note] InnoDB: Highest supported file format is Barracuda.
2016-07-21 13:22:14 140148905782312 [Note] InnoDB: 128 rollback segment(s) are active.
2016-07-21 13:22:14 140148905782312 [Note] InnoDB: Waiting for purge to start
2016-07-21 13:22:14 140148905782312 [Note] InnoDB:  Percona XtraDB (http://www.percona.com) 5.6.28-76.1 started; log sequence number 1616829
2016-07-21 13:22:14 140148672776880 [Note] InnoDB: Dumping buffer pool(s) not yet started
2016-07-21 13:22:14 140148905782312 [Note] Plugin 'FEEDBACK' is disabled.
2016-07-21 13:22:14 140148905782312 [Note] Server socket created on IP: '0.0.0.0'.
2016-07-21 13:22:14 140148905782312 [Note] /usr/bin/mysqld: ready for connections.
Version: '10.1.12-MariaDB'  socket: '/var/run/mysqld/mysqld.sock'  port: 3306  MariaDB Server
160721 13:34:20 mysqld_safe Starting mysqld daemon with databases from /var/lib/mysql
2016-07-21 13:34:20 140656052710440 [Note] Using unique option prefix 'key_buffer' is error-prone and can break in the future. Please use the full name 'key_buffer_size' instead.
2016-07-21 13:34:20 140656052710440 [Note] /usr/bin/mysqld (mysqld 10.1.12-MariaDB) starting as process 139 ...
2016-07-21 13:34:20 140656052710440 [Note] Using unique option prefix 'myisam-recover' is error-prone and can break in the future. Please use the full name 'myisam-recover-options' instead.
2016-07-21 13:34:21 140656052710440 [Note] InnoDB: Using mutexes to ref count buffer pool pages
2016-07-21 13:34:21 140656052710440 [Note] InnoDB: The InnoDB memory heap is disabled
2016-07-21 13:34:21 140656052710440 [Note] InnoDB: Mutexes and rw_locks use GCC atomic builtins
2016-07-21 13:34:21 140656052710440 [Note] InnoDB: Memory barrier is not used
2016-07-21 13:34:21 140656052710440 [Note] InnoDB: Compressed tables use zlib 1.2.8
2016-07-21 13:34:21 140656052710440 [Note] InnoDB: Using Linux native AIO
2016-07-21 13:34:21 140656052710440 [Note] InnoDB: Using SSE crc32 instructions
2016-07-21 13:34:21 140656052710440 [Note] InnoDB: Initializing buffer pool, size = 128.0M
2016-07-21 13:34:21 140656052710440 [Note] InnoDB: Completed initialization of buffer pool
2016-07-21 13:34:21 140656052710440 [Note] InnoDB: Highest supported file format is Barracuda.
2016-07-21 13:34:21 140656052710440 [Note] InnoDB: The log sequence numbers 1616829 and 1616829 in ibdata files do not match the log sequence number 1616839 in the ib_logfiles!
2016-07-21 13:34:21 140656052710440 [Note] InnoDB: Database was not shutdown normally!
2016-07-21 13:34:21 140656052710440 [Note] InnoDB: Starting crash recovery.
2016-07-21 13:34:21 140656052710440 [Note] InnoDB: Reading tablespace information from the .ibd files...
2016-07-21 13:34:21 140656052710440 [Note] InnoDB: Restoring possible half-written data pages 
2016-07-21 13:34:21 140656052710440 [Note] InnoDB: from the doublewrite buffer...
2016-07-21 13:34:21 140656052710440 [Note] InnoDB: 128 rollback segment(s) are active.
2016-07-21 13:34:21 140656052710440 [Note] InnoDB: Waiting for purge to start
2016-07-21 13:34:21 140656052710440 [Note] InnoDB:  Percona XtraDB (http://www.percona.com) 5.6.28-76.1 started; log sequence number 1616839
2016-07-21 13:34:21 140655819705008 [Note] InnoDB: Dumping buffer pool(s) not yet started
2016-07-21 13:34:21 140656052710440 [Note] Plugin 'FEEDBACK' is disabled.
2016-07-21 13:34:21 140656052710440 [Note] Recovering after a crash using tc.log
2016-07-21 13:34:21 140656052710440 [Note] Starting crash recovery...
2016-07-21 13:34:21 140656052710440 [Note] Crash recovery finished.
2016-07-21 13:34:21 140656052710440 [Note] Server socket created on IP: '0.0.0.0'.
2016-07-21 13:34:22 140656052710440 [Note] /usr/bin/mysqld: ready for connections.
Version: '10.1.12-MariaDB'  socket: '/var/run/mysqld/mysqld.sock'  port: 3306  MariaDB Server
160721 13:45:36 mysqld_safe Starting mysqld daemon with databases from /var/lib/mysql
2016-07-21 13:45:36 140319492844584 [Note] Using unique option prefix 'key_buffer' is error-prone and can break in the future. Please use the full name 'key_buffer_size' instead.
2016-07-21 13:45:36 140319492844584 [Note] /usr/bin/mysqld (mysqld 10.1.12-MariaDB) starting as process 140 ...
2016-07-21 13:45:37 140319492844584 [Note] Using unique option prefix 'myisam-recover' is error-prone and can break in the future. Please use the full name 'myisam-recover-options' instead.
2016-07-21 13:45:37 140319492844584 [Note] InnoDB: Using mutexes to ref count buffer pool pages
2016-07-21 13:45:37 140319492844584 [Note] InnoDB: The InnoDB memory heap is disabled
2016-07-21 13:45:37 140319492844584 [Note] InnoDB: Mutexes and rw_locks use GCC atomic builtins
2016-07-21 13:45:37 140319492844584 [Note] InnoDB: Memory barrier is not used
2016-07-21 13:45:37 140319492844584 [Note] InnoDB: Compressed tables use zlib 1.2.8
2016-07-21 13:45:37 140319492844584 [Note] InnoDB: Using Linux native AIO
2016-07-21 13:45:37 140319492844584 [Note] InnoDB: Using SSE crc32 instructions
2016-07-21 13:45:37 140319492844584 [Note] InnoDB: Initializing buffer pool, size = 128.0M
2016-07-21 13:45:37 140319492844584 [Note] InnoDB: Completed initialization of buffer pool
2016-07-21 13:45:37 140319492844584 [Note] InnoDB: Highest supported file format is Barracuda.
2016-07-21 13:45:37 140319492844584 [Note] InnoDB: The log sequence numbers 1616829 and 1616829 in ibdata files do not match the log sequence number 1616849 in the ib_logfiles!
2016-07-21 13:45:37 140319492844584 [Note] InnoDB: Database was not shutdown normally!
2016-07-21 13:45:37 140319492844584 [Note] InnoDB: Starting crash recovery.
2016-07-21 13:45:37 140319492844584 [Note] InnoDB: Reading tablespace information from the .ibd files...
2016-07-21 13:45:37 140319492844584 [Note] InnoDB: Restoring possible half-written data pages 
2016-07-21 13:45:37 140319492844584 [Note] InnoDB: from the doublewrite buffer...
2016-07-21 13:45:37 140319492844584 [Note] InnoDB: 128 rollback segment(s) are active.
2016-07-21 13:45:37 140319492844584 [Note] InnoDB: Waiting for purge to start
2016-07-21 13:45:37 140319492844584 [Note] InnoDB:  Percona XtraDB (http://www.percona.com) 5.6.28-76.1 started; log sequence number 1616849
2016-07-21 13:45:37 140319259839152 [Note] InnoDB: Dumping buffer pool(s) not yet started
2016-07-21 13:45:37 140319492844584 [Note] Plugin 'FEEDBACK' is disabled.
2016-07-21 13:45:37 140319492844584 [Note] Recovering after a crash using tc.log
2016-07-21 13:45:37 140319492844584 [Note] Starting crash recovery...
2016-07-21 13:45:37 140319492844584 [Note] Crash recovery finished.
2016-07-21 13:45:38 140319492844584 [Note] Server socket created on IP: '0.0.0.0'.
2016-07-21 13:45:38 140319492844584 [Note] /usr/bin/mysqld: ready for connections.
Version: '10.1.12-MariaDB'  socket: '/var/run/mysqld/mysqld.sock'  port: 3306  MariaDB Server
160721 13:51:12 mysqld_safe Starting mysqld daemon with databases from /var/lib/mysql
2016-07-21 13:51:12 140150102273064 [Note] Using unique option prefix 'key_buffer' is error-prone and can break in the future. Please use the full name 'key_buffer_size' instead.
2016-07-21 13:51:12 140150102273064 [Note] /usr/bin/mysqld (mysqld 10.1.12-MariaDB) starting as process 138 ...
2016-07-21 13:51:12 140150102273064 [Note] Using unique option prefix 'myisam-recover' is error-prone and can break in the future. Please use the full name 'myisam-recover-options' instead.
2016-07-21 13:51:12 140150102273064 [Note] InnoDB: Using mutexes to ref count buffer pool pages
2016-07-21 13:51:12 140150102273064 [Note] InnoDB: The InnoDB memory heap is disabled
2016-07-21 13:51:12 140150102273064 [Note] InnoDB: Mutexes and rw_locks use GCC atomic builtins
2016-07-21 13:51:12 140150102273064 [Note] InnoDB: Memory barrier is not used
2016-07-21 13:51:12 140150102273064 [Note] InnoDB: Compressed tables use zlib 1.2.8
2016-07-21 13:51:12 140150102273064 [Note] InnoDB: Using Linux native AIO
2016-07-21 13:51:12 140150102273064 [Note] InnoDB: Using SSE crc32 instructions
2016-07-21 13:51:12 140150102273064 [Note] InnoDB: Initializing buffer pool, size = 128.0M
2016-07-21 13:51:12 140150102273064 [Note] InnoDB: Completed initialization of buffer pool
2016-07-21 13:51:12 140150102273064 [Note] InnoDB: Highest supported file format is Barracuda.
2016-07-21 13:51:12 140150102273064 [Note] InnoDB: The log sequence numbers 1616829 and 1616829 in ibdata files do not match the log sequence number 1616859 in the ib_logfiles!
2016-07-21 13:51:12 140150102273064 [Note] InnoDB: Database was not shutdown normally!
2016-07-21 13:51:12 140150102273064 [Note] InnoDB: Starting crash recovery.
2016-07-21 13:51:12 140150102273064 [Note] InnoDB: Reading tablespace information from the .ibd files...
2016-07-21 13:51:12 140150102273064 [Note] InnoDB: Restoring possible half-written data pages 
2016-07-21 13:51:12 140150102273064 [Note] InnoDB: from the doublewrite buffer...
2016-07-21 13:51:12 140150102273064 [Note] InnoDB: 128 rollback segment(s) are active.
2016-07-21 13:51:12 140150102273064 [Note] InnoDB: Waiting for purge to start
2016-07-21 13:51:13 140150102273064 [Note] InnoDB:  Percona XtraDB (http://www.percona.com) 5.6.28-76.1 started; log sequence number 1616859
2016-07-21 13:51:13 140149869267632 [Note] InnoDB: Dumping buffer pool(s) not yet started
2016-07-21 13:51:13 140150102273064 [Note] Plugin 'FEEDBACK' is disabled.
2016-07-21 13:51:13 140150102273064 [Note] Recovering after a crash using tc.log
2016-07-21 13:51:13 140150102273064 [Note] Starting crash recovery...
2016-07-21 13:51:13 140150102273064 [Note] Crash recovery finished.
2016-07-21 13:51:13 140150102273064 [Note] Server socket created on IP: '0.0.0.0'.
2016-07-21 13:51:13 140150102273064 [Note] /usr/bin/mysqld: ready for connections.
Version: '10.1.12-MariaDB'  socket: '/var/run/mysqld/mysqld.sock'  port: 3306  MariaDB Server
160721 13:52:52 mysqld_safe Starting mysqld daemon with databases from /var/lib/mysql
2016-07-21 13:52:52 140622938811432 [Note] Using unique option prefix 'key_buffer' is error-prone and can break in the future. Please use the full name 'key_buffer_size' instead.
2016-07-21 13:52:52 140622938811432 [Note] /usr/bin/mysqld (mysqld 10.1.12-MariaDB) starting as process 139 ...
2016-07-21 13:52:52 140622938811432 [Note] Using unique option prefix 'myisam-recover' is error-prone and can break in the future. Please use the full name 'myisam-recover-options' instead.
2016-07-21 13:52:52 140622938811432 [Note] InnoDB: Using mutexes to ref count buffer pool pages
2016-07-21 13:52:52 140622938811432 [Note] InnoDB: The InnoDB memory heap is disabled
2016-07-21 13:52:52 140622938811432 [Note] InnoDB: Mutexes and rw_locks use GCC atomic builtins
2016-07-21 13:52:52 140622938811432 [Note] InnoDB: Memory barrier is not used
2016-07-21 13:52:52 140622938811432 [Note] InnoDB: Compressed tables use zlib 1.2.8
2016-07-21 13:52:52 140622938811432 [Note] InnoDB: Using Linux native AIO
2016-07-21 13:52:52 140622938811432 [Note] InnoDB: Using SSE crc32 instructions
2016-07-21 13:52:52 140622938811432 [Note] InnoDB: Initializing buffer pool, size = 128.0M
2016-07-21 13:52:52 140622938811432 [Note] InnoDB: Completed initialization of buffer pool
2016-07-21 13:52:52 140622938811432 [Note] InnoDB: Highest supported file format is Barracuda.
2016-07-21 13:52:52 140622938811432 [Note] InnoDB: The log sequence numbers 1616829 and 1616829 in ibdata files do not match the log sequence number 1616869 in the ib_logfiles!
2016-07-21 13:52:52 140622938811432 [Note] InnoDB: Database was not shutdown normally!
2016-07-21 13:52:52 140622938811432 [Note] InnoDB: Starting crash recovery.
2016-07-21 13:52:52 140622938811432 [Note] InnoDB: Reading tablespace information from the .ibd files...
2016-07-21 13:52:52 140622938811432 [Note] InnoDB: Restoring possible half-written data pages 
2016-07-21 13:52:52 140622938811432 [Note] InnoDB: from the doublewrite buffer...
2016-07-21 13:52:52 140622938811432 [Note] InnoDB: 128 rollback segment(s) are active.
2016-07-21 13:52:52 140622938811432 [Note] InnoDB: Waiting for purge to start
2016-07-21 13:52:52 140622938811432 [Note] InnoDB:  Percona XtraDB (http://www.percona.com) 5.6.28-76.1 started; log sequence number 1616869
2016-07-21 13:52:53 140622705806000 [Note] InnoDB: Dumping buffer pool(s) not yet started
2016-07-21 13:52:53 140622938811432 [Note] Plugin 'FEEDBACK' is disabled.
2016-07-21 13:52:53 140622938811432 [Note] Recovering after a crash using tc.log
2016-07-21 13:52:53 140622938811432 [Note] Starting crash recovery...
2016-07-21 13:52:53 140622938811432 [Note] Crash recovery finished.
2016-07-21 13:52:53 140622938811432 [Note] Server socket created on IP: '0.0.0.0'.
2016-07-21 13:52:53 140622938811432 [Note] /usr/bin/mysqld: ready for connections.
Version: '10.1.12-MariaDB'  socket: '/var/run/mysqld/mysqld.sock'  port: 3306  MariaDB Server
2016-07-21 13:55:21 140622702615216 [Note] InnoDB: Online DDL : Start
2016-07-21 13:55:21 140622702615216 [Note] InnoDB: Online DDL : Start reading clustered index of the table and create temporary files
2016-07-21 13:55:21 140622702615216 [Note] InnoDB: Online DDL : End of reading clustered index of the table and create temporary files
2016-07-21 13:55:21 140622702615216 [Note] InnoDB: Online DDL : Start applying row log
2016-07-21 13:55:21 140622702615216 [Note] InnoDB: Online DDL : End of applying row log
2016-07-21 13:55:21 140622702615216 [Note] InnoDB: Online DDL : Completed
2016-07-21 13:55:22 140622702615216 [Note] InnoDB: Online DDL : Start
2016-07-21 13:55:22 140622702615216 [Note] InnoDB: Online DDL : Start reading clustered index of the table and create temporary files
2016-07-21 13:55:22 140622702615216 [Note] InnoDB: Online DDL : End of reading clustered index of the table and create temporary files
2016-07-21 13:55:22 140622702615216 [Note] InnoDB: Online DDL : Start applying row log
2016-07-21 13:55:22 140622702615216 [Note] InnoDB: Online DDL : End of applying row log
2016-07-21 13:55:22 140622702615216 [Note] InnoDB: Online DDL : Completed
2016-07-21 13:55:22 140622702615216 [Note] InnoDB: Online DDL : Start
2016-07-21 13:55:22 140622702615216 [Note] InnoDB: Online DDL : Start reading clustered index of the table and create temporary files
2016-07-21 13:55:22 140622702615216 [Note] InnoDB: Online DDL : End of reading clustered index of the table and create temporary files
2016-07-21 13:55:22 140622702615216 [Note] InnoDB: Online DDL : Start applying row log
2016-07-21 13:55:22 140622702615216 [Note] InnoDB: Online DDL : End of applying row log
2016-07-21 13:55:22 140622702615216 [Note] InnoDB: Online DDL : Completed
160721 13:56:19 mysqld_safe Starting mysqld daemon with databases from /var/lib/mysql
2016-07-21 13:56:20 140059332652072 [Note] Using unique option prefix 'key_buffer' is error-prone and can break in the future. Please use the full name 'key_buffer_size' instead.
2016-07-21 13:56:20 140059332652072 [Note] /usr/bin/mysqld (mysqld 10.1.12-MariaDB) starting as process 141 ...
2016-07-21 13:56:20 140059332652072 [Note] Using unique option prefix 'myisam-recover' is error-prone and can break in the future. Please use the full name 'myisam-recover-options' instead.
2016-07-21 13:56:20 140059332652072 [Note] InnoDB: Using mutexes to ref count buffer pool pages
2016-07-21 13:56:20 140059332652072 [Note] InnoDB: The InnoDB memory heap is disabled
2016-07-21 13:56:20 140059332652072 [Note] InnoDB: Mutexes and rw_locks use GCC atomic builtins
2016-07-21 13:56:20 140059332652072 [Note] InnoDB: Memory barrier is not used
2016-07-21 13:56:20 140059332652072 [Note] InnoDB: Compressed tables use zlib 1.2.8
2016-07-21 13:56:20 140059332652072 [Note] InnoDB: Using Linux native AIO
2016-07-21 13:56:20 140059332652072 [Note] InnoDB: Using SSE crc32 instructions
2016-07-21 13:56:20 140059332652072 [Note] InnoDB: Initializing buffer pool, size = 128.0M
2016-07-21 13:56:20 140059332652072 [Note] InnoDB: Completed initialization of buffer pool
2016-07-21 13:56:20 140059332652072 [Note] InnoDB: Highest supported file format is Barracuda.
2016-07-21 13:56:20 140059332652072 [Note] InnoDB: The log sequence numbers 1616829 and 1616829 in ibdata files do not match the log sequence number 1659034 in the ib_logfiles!
2016-07-21 13:56:20 140059332652072 [Note] InnoDB: Database was not shutdown normally!
2016-07-21 13:56:20 140059332652072 [Note] InnoDB: Starting crash recovery.
2016-07-21 13:56:20 140059332652072 [Note] InnoDB: Reading tablespace information from the .ibd files...
2016-07-21 13:56:20 140059332652072 [Note] InnoDB: Restoring possible half-written data pages 
2016-07-21 13:56:20 140059332652072 [Note] InnoDB: from the doublewrite buffer...
2016-07-21 13:56:20 140059332652072 [Note] InnoDB: 128 rollback segment(s) are active.
2016-07-21 13:56:20 140059332652072 [Note] InnoDB: Waiting for purge to start
2016-07-21 13:56:20 140059332652072 [Note] InnoDB:  Percona XtraDB (http://www.percona.com) 5.6.28-76.1 started; log sequence number 1659034
2016-07-21 13:56:21 140059099646640 [Note] InnoDB: Dumping buffer pool(s) not yet started
2016-07-21 13:56:21 140059332652072 [Note] Plugin 'FEEDBACK' is disabled.
2016-07-21 13:56:21 140059332652072 [Note] Recovering after a crash using tc.log
2016-07-21 13:56:21 140059332652072 [Note] Starting crash recovery...
2016-07-21 13:56:21 140059332652072 [Note] Crash recovery finished.
2016-07-21 13:56:21 140059332652072 [Note] Server socket created on IP: '0.0.0.0'.
2016-07-21 13:56:21 140059332652072 [Note] /usr/bin/mysqld: ready for connections.
Version: '10.1.12-MariaDB'  socket: '/var/run/mysqld/mysqld.sock'  port: 3306  MariaDB Server
